2026-06-09 13:18:46,922 - INFO - Carregando FFE_2022
2026-06-09 13:18:48,060 - INFO - FFE_2022 carregado
2026-06-09 13:18:48,060 - INFO - Adicionando FFE_2022 à lista
2026-06-09 13:18:48,061 - INFO - FFE_2022 adicionado à lista
2026-06-09 13:18:48,061 - INFO - Carregando FFE_2023
2026-06-09 13:18:49,276 - INFO - FFE_2023 carregado
2026-06-09 13:18:49,276 - INFO - Adicionando FFE_2023 à lista
2026-06-09 13:18:49,277 - INFO - FFE_2023 adicionado à lista
2026-06-09 13:18:49,277 - INFO - Carregando FFE_2024
2026-06-09 13:18:50,704 - INFO - FFE_2024 carregado
2026-06-09 13:18:50,704 - INFO - Adicionando FFE_2024 à lista
2026-06-09 13:18:50,712 - INFO - FFE_2024 adicionado à lista
2026-06-09 13:18:50,712 - INFO - Carregando FFE_2025
2026-06-09 13:18:52,308 - INFO - FFE_2025 carregado
2026-06-09 13:18:52,308 - INFO - Adicionando FFE_2025 à lista
2026-06-09 13:18:52,308 - INFO - FFE_2025 adicionado à lista
2026-06-09 13:18:52,308 - INFO - Carregando FFE_2026
2026-06-09 13:18:52,956 - INFO - FFE_2026 carregado
2026-06-09 13:18:52,957 - INFO - Adicionando FFE_2026 à lista
2026-06-09 13:18:52,957 - INFO - FFE_2026 adicionado à lista
2026-06-09 13:18:52,957 - INFO - Reunindo todos os FFE
2026-06-09 13:18:52,997 - INFO - FFE reunidos
2026-06-09 13:18:52,997 - INFO - Filtrando FFE completo
2026-06-09 13:18:53,102 - INFO - FFE completo filtrado
2026-06-09 13:18:53,162 - INFO - Gerando .xlsx dos FFE completos
2026-06-09 13:19:51,700 - INFO - .xlsx dos FFE completos gerado
2026-06-09 13:19:51,700 - INFO - Obtendo remessas EM CADASTRAMENTO
2026-06-09 13:19:51,710 - INFO - Remessas EM CADASTRAMENTO obtidas
2026-06-09 13:19:51,710 - INFO - Gerando .xlsx das remessas EM CADASTRAMENTO
2026-06-09 13:19:51,738 - INFO - .xlsx das remessas EM CADASTRAMENTO gerado
2026-06-09 13:19:51,738 - INFO - Obtendo remessas PAGAMENTO PROCESSADO com VL_PAGAR zerado
2026-06-09 13:19:51,774 - INFO - Remessas PAGAMENTO PROCESSADO com VL_PAGAR zerado obtidas
2026-06-09 13:19:51,774 - INFO - Gerando .xlsx das remessas PAGAMENTO PROCESSADO com VL_PAGAR zerado
2026-06-09 13:19:51,792 - INFO - .xlsx das remessas PAGAMENTO PROCESSADO com VL_PAGAR zerado gerado
2026-06-09 13:19:51,792 - INFO - Obtendo dados de contato das regionais
2026-06-09 13:19:51,960 - INFO - Dados de contato das regionais obtidos
2026-06-09 13:19:51,961 - INFO - Iniciando processamento de cada regional
2026-06-09 13:19:51,961 - INFO - * Iniciando processamento da regional ALFENAS
2026-06-09 13:19:51,961 - INFO - ** Obtendo TODAS remessas de ALFENAS
2026-06-09 13:19:51,973 - INFO - **TODAS remessas de ALFENAS obtidas
2026-06-09 13:19:51,973 - INFO - ** Obtendo remessas EM REVISAO de ALFENAS
2026-06-09 13:19:51,974 - INFO - ** Remessas EM REVISAO de ALFENAS obtidas
2026-06-09 13:19:51,974 - INFO - ** Obtendo remessas LIBERADO PARA PAGAMENTO de ALFENAS
2026-06-09 13:19:51,975 - INFO - ** Remessas LIBERADO PARA PAGAMENTO de ALFENAS obtidas
2026-06-09 13:19:51,975 - INFO - ** Obtendo remessas PAGAMENTO PROCESSADO comVL_PAGAR zerado de ALFENAS
2026-06-09 13:19:51,977 - INFO - ** Remessas PAGAMENTO PROCESSADO com VL_PAGAR zerado de ALFENAS obtidas
2026-06-09 13:19:51,977 - INFO - ** Gerando .xlsx das remessas de ALFENAS
2026-06-09 13:19:53,100 - INFO - ** .xlsx das remessas de ALFENAS gerado
2026-06-09 13:19:53,100 - INFO - * Finalizado processamento da regional ALFENAS
2026-06-09 13:19:53,100 - INFO - * Iniciando processamento da regional ALMENARA
2026-06-09 13:19:53,101 - INFO - ** Obtendo TODAS remessas de ALMENARA
2026-06-09 13:19:53,113 - INFO - **TODAS remessas de ALMENARA obtidas
2026-06-09 13:19:53,113 - INFO - ** Obtendo remessas EM REVISAO de ALMENARA
2026-06-09 13:19:53,113 - INFO - ** Remessas EM REVISAO de ALMENARA obtidas
2026-06-09 13:19:53,113 - INFO - ** Obtendo remessas LIBERADO PARA PAGAMENTO de ALMENARA
2026-06-09 13:19:53,114 - INFO - ** Remessas LIBERADO PARA PAGAMENTO de ALMENARA obtidas
2026-06-09 13:19:53,114 - INFO - ** Obtendo remessas PAGAMENTO PROCESSADO comVL_PAGAR zerado de ALMENARA
2026-06-09 13:19:53,115 - INFO - ** Remessas PAGAMENTO PROCESSADO com VL_PAGAR zerado de ALMENARA obtidas
2026-06-09 13:19:53,116 - INFO - ** Gerando .xlsx das remessas de ALMENARA
2026-06-09 13:19:53,874 - INFO - ** .xlsx das remessas de ALMENARA gerado
2026-06-09 13:19:53,874 - INFO - * Finalizado processamento da regional ALMENARA
2026-06-09 13:19:53,874 - INFO - * Iniciando processamento da regional ARAXA
2026-06-09 13:19:53,874 - INFO - ** Obtendo TODAS remessas de ARAXA
2026-06-09 13:19:53,885 - INFO - **TODAS remessas de ARAXA obtidas
2026-06-09 13:19:53,886 - INFO - ** Obtendo remessas EM REVISAO de ARAXA
2026-06-09 13:19:53,886 - INFO - ** Remessas EM REVISAO de ARAXA obtidas
2026-06-09 13:19:53,886 - INFO - ** Obtendo remessas LIBERADO PARA PAGAMENTO de ARAXA
2026-06-09 13:19:53,887 - INFO - ** Remessas LIBERADO PARA PAGAMENTO de ARAXA obtidas
2026-06-09 13:19:53,887 - INFO - ** Obtendo remessas PAGAMENTO PROCESSADO comVL_PAGAR zerado de ARAXA
2026-06-09 13:19:53,889 - INFO - ** Remessas PAGAMENTO PROCESSADO com VL_PAGAR zerado de ARAXA obtidas
2026-06-09 13:19:53,889 - INFO - ** Gerando .xlsx das remessas de ARAXA
2026-06-09 13:19:54,254 - INFO - ** .xlsx das remessas de ARAXA gerado
2026-06-09 13:19:54,255 - INFO - * Finalizado processamento da regional ARAXA
2026-06-09 13:19:54,255 - INFO - * Iniciando processamento da regional BARBACENA
2026-06-09 13:19:54,255 - INFO - ** Obtendo TODAS remessas de BARBACENA
2026-06-09 13:19:54,267 - INFO - **TODAS remessas de BARBACENA obtidas
2026-06-09 13:19:54,268 - INFO - ** Obtendo remessas EM REVISAO de BARBACENA
2026-06-09 13:19:54,268 - INFO - ** Remessas EM REVISAO de BARBACENA obtidas
2026-06-09 13:19:54,269 - INFO - ** Obtendo remessas LIBERADO PARA PAGAMENTO de BARBACENA
2026-06-09 13:19:54,269 - INFO - ** Remessas LIBERADO PARA PAGAMENTO de BARBACENA obtidas
2026-06-09 13:19:54,270 - INFO - ** Obtendo remessas PAGAMENTO PROCESSADO comVL_PAGAR zerado de BARBACENA
2026-06-09 13:19:54,271 - INFO - ** Remessas PAGAMENTO PROCESSADO com VL_PAGAR zerado de BARBACENA obtidas
2026-06-09 13:19:54,271 - INFO - ** Gerando .xlsx das remessas de BARBACENA
2026-06-09 13:19:54,992 - INFO - ** .xlsx das remessas de BARBACENA gerado
2026-06-09 13:19:54,992 - INFO - * Finalizado processamento da regional BARBACENA
2026-06-09 13:19:54,992 - INFO - * Iniciando processamento da regional BELO HORIZONTE
2026-06-09 13:19:54,992 - INFO - ** Obtendo TODAS remessas de BELO HORIZONTE
2026-06-09 13:19:55,016 - INFO - **TODAS remessas de BELO HORIZONTE obtidas
2026-06-09 13:19:55,016 - INFO - ** Obtendo remessas EM REVISAO de BELO HORIZONTE
2026-06-09 13:19:55,018 - INFO - ** Remessas EM REVISAO de BELO HORIZONTE obtidas
2026-06-09 13:19:55,019 - INFO - ** Obtendo remessas LIBERADO PARA PAGAMENTO de BELO HORIZONTE
2026-06-09 13:19:55,021 - INFO - ** Remessas LIBERADO PARA PAGAMENTO de BELO HORIZONTE obtidas
2026-06-09 13:19:55,021 - INFO - ** Obtendo remessas PAGAMENTO PROCESSADO comVL_PAGAR zerado de BELO HORIZONTE
2026-06-09 13:19:55,027 - INFO - ** Remessas PAGAMENTO PROCESSADO com VL_PAGAR zerado de BELO HORIZONTE obtidas
2026-06-09 13:19:55,027 - INFO - ** Gerando .xlsx das remessas de BELO HORIZONTE
2026-06-09 13:20:03,329 - INFO - ** .xlsx das remessas de BELO HORIZONTE gerado
2026-06-09 13:20:03,329 - INFO - * Finalizado processamento da regional BELO HORIZONTE
2026-06-09 13:20:03,329 - INFO - * Iniciando processamento da regional BOM DESPACHO
2026-06-09 13:20:03,330 - INFO - ** Obtendo TODAS remessas de BOM DESPACHO
2026-06-09 13:20:03,345 - INFO - **TODAS remessas de BOM DESPACHO obtidas
2026-06-09 13:20:03,345 - INFO - ** Obtendo remessas EM REVISAO de BOM DESPACHO
2026-06-09 13:20:03,346 - INFO - ** Remessas EM REVISAO de BOM DESPACHO obtidas
2026-06-09 13:20:03,346 - INFO - ** Obtendo remessas LIBERADO PARA PAGAMENTO de BOM DESPACHO
2026-06-09 13:20:03,347 - INFO - ** Remessas LIBERADO PARA PAGAMENTO de BOM DESPACHO obtidas
2026-06-09 13:20:03,347 - INFO - ** Obtendo remessas PAGAMENTO PROCESSADO comVL_PAGAR zerado de BOM DESPACHO
2026-06-09 13:20:03,349 - INFO - ** Remessas PAGAMENTO PROCESSADO com VL_PAGAR zerado de BOM DESPACHO obtidas
2026-06-09 13:20:03,349 - INFO - ** Gerando .xlsx das remessas de BOM DESPACHO
2026-06-09 13:20:04,013 - INFO - ** .xlsx das remessas de BOM DESPACHO gerado
2026-06-09 13:20:04,013 - INFO - * Finalizado processamento da regional BOM DESPACHO
2026-06-09 13:20:04,014 - INFO - * Iniciando processamento da regional BRASILIA DE  MINAS
2026-06-09 13:20:04,014 - INFO - ** Obtendo TODAS remessas de BRASILIA DE  MINAS
2026-06-09 13:20:04,028 - INFO - **TODAS remessas de BRASILIA DE  MINAS obtidas
2026-06-09 13:20:04,028 - INFO - ** Obtendo remessas EM REVISAO de BRASILIA DE  MINAS
2026-06-09 13:20:04,029 - INFO - ** Remessas EM REVISAO de BRASILIA DE  MINAS obtidas
2026-06-09 13:20:04,029 - INFO - ** Obtendo remessas LIBERADO PARA PAGAMENTO de BRASILIA DE  MINAS
2026-06-09 13:20:04,029 - INFO - ** Remessas LIBERADO PARA PAGAMENTO de BRASILIA DE  MINAS obtidas
2026-06-09 13:20:04,029 - INFO - ** Obtendo remessas PAGAMENTO PROCESSADO comVL_PAGAR zerado de BRASILIA DE  MINAS
2026-06-09 13:20:04,030 - INFO - ** Remessas PAGAMENTO PROCESSADO com VL_PAGAR zerado de BRASILIA DE  MINAS obtidas
2026-06-09 13:20:04,031 - INFO - ** Gerando .xlsx das remessas de BRASILIA DE  MINAS
2026-06-09 13:20:04,824 - INFO - ** .xlsx das remessas de BRASILIA DE  MINAS gerado
2026-06-09 13:20:04,824 - INFO - * Finalizado processamento da regional BRASILIA DE  MINAS
2026-06-09 13:20:04,825 - INFO - * Iniciando processamento da regional CONSELHEIRO LAFAIETE
2026-06-09 13:20:04,825 - INFO - ** Obtendo TODAS remessas de CONSELHEIRO LAFAIETE
2026-06-09 13:20:04,837 - INFO - **TODAS remessas de CONSELHEIRO LAFAIETE obtidas
2026-06-09 13:20:04,837 - INFO - ** Obtendo remessas EM REVISAO de CONSELHEIRO LAFAIETE
2026-06-09 13:20:04,838 - INFO - ** Remessas EM REVISAO de CONSELHEIRO LAFAIETE obtidas
2026-06-09 13:20:04,838 - INFO - ** Obtendo remessas LIBERADO PARA PAGAMENTO de CONSELHEIRO LAFAIETE
2026-06-09 13:20:04,838 - INFO - ** Remessas LIBERADO PARA PAGAMENTO de CONSELHEIRO LAFAIETE obtidas
2026-06-09 13:20:04,838 - INFO - ** Obtendo remessas PAGAMENTO PROCESSADO comVL_PAGAR zerado de CONSELHEIRO LAFAIETE
2026-06-09 13:20:04,839 - INFO - ** Remessas PAGAMENTO PROCESSADO com VL_PAGAR zerado de CONSELHEIRO LAFAIETE obtidas
2026-06-09 13:20:04,840 - INFO - ** Gerando .xlsx das remessas de CONSELHEIRO LAFAIETE
2026-06-09 13:20:05,449 - INFO - ** .xlsx das remessas de CONSELHEIRO LAFAIETE gerado
2026-06-09 13:20:05,450 - INFO - * Finalizado processamento da regional CONSELHEIRO LAFAIETE
2026-06-09 13:20:05,450 - INFO - * Iniciando processamento da regional CONTAGEM
2026-06-09 13:20:05,450 - INFO - ** Obtendo TODAS remessas de CONTAGEM
2026-06-09 13:20:05,468 - INFO - **TODAS remessas de CONTAGEM obtidas
2026-06-09 13:20:05,468 - INFO - ** Obtendo remessas EM REVISAO de CONTAGEM
2026-06-09 13:20:05,470 - INFO - ** Remessas EM REVISAO de CONTAGEM obtidas
2026-06-09 13:20:05,470 - INFO - ** Obtendo remessas LIBERADO PARA PAGAMENTO de CONTAGEM
2026-06-09 13:20:05,471 - INFO - ** Remessas LIBERADO PARA PAGAMENTO de CONTAGEM obtidas
2026-06-09 13:20:05,471 - INFO - ** Obtendo remessas PAGAMENTO PROCESSADO comVL_PAGAR zerado de CONTAGEM
2026-06-09 13:20:05,474 - INFO - ** Remessas PAGAMENTO PROCESSADO com VL_PAGAR zerado de CONTAGEM obtidas
2026-06-09 13:20:05,474 - INFO - ** Gerando .xlsx das remessas de CONTAGEM
2026-06-09 13:20:09,927 - INFO - ** .xlsx das remessas de CONTAGEM gerado
2026-06-09 13:20:09,927 - INFO - * Finalizado processamento da regional CONTAGEM
2026-06-09 13:20:09,928 - INFO - * Iniciando processamento da regional CORONEL FABRICIANO
2026-06-09 13:20:09,928 - INFO - ** Obtendo TODAS remessas de CORONEL FABRICIANO
2026-06-09 13:20:09,942 - INFO - **TODAS remessas de CORONEL FABRICIANO obtidas
2026-06-09 13:20:09,943 - INFO - ** Obtendo remessas EM REVISAO de CORONEL FABRICIANO
2026-06-09 13:20:09,944 - INFO - ** Remessas EM REVISAO de CORONEL FABRICIANO obtidas
2026-06-09 13:20:09,944 - INFO - ** Obtendo remessas LIBERADO PARA PAGAMENTO de CORONEL FABRICIANO
2026-06-09 13:20:09,945 - INFO - ** Remessas LIBERADO PARA PAGAMENTO de CORONEL FABRICIANO obtidas
2026-06-09 13:20:09,946 - INFO - ** Obtendo remessas PAGAMENTO PROCESSADO comVL_PAGAR zerado de CORONEL FABRICIANO
2026-06-09 13:20:09,947 - INFO - ** Remessas PAGAMENTO PROCESSADO com VL_PAGAR zerado de CORONEL FABRICIANO obtidas
2026-06-09 13:20:09,947 - INFO - ** Gerando .xlsx das remessas de CORONEL FABRICIANO
2026-06-09 13:20:11,640 - INFO - ** .xlsx das remessas de CORONEL FABRICIANO gerado
2026-06-09 13:20:11,640 - INFO - * Finalizado processamento da regional CORONEL FABRICIANO
2026-06-09 13:20:11,640 - INFO - * Iniciando processamento da regional CURVELO
2026-06-09 13:20:11,641 - INFO - ** Obtendo TODAS remessas de CURVELO
2026-06-09 13:20:11,652 - INFO - **TODAS remessas de CURVELO obtidas
2026-06-09 13:20:11,652 - INFO - ** Obtendo remessas EM REVISAO de CURVELO
2026-06-09 13:20:11,653 - INFO - ** Remessas EM REVISAO de CURVELO obtidas
2026-06-09 13:20:11,653 - INFO - ** Obtendo remessas LIBERADO PARA PAGAMENTO de CURVELO
2026-06-09 13:20:11,653 - INFO - ** Remessas LIBERADO PARA PAGAMENTO de CURVELO obtidas
2026-06-09 13:20:11,654 - INFO - ** Obtendo remessas PAGAMENTO PROCESSADO comVL_PAGAR zerado de CURVELO
2026-06-09 13:20:11,655 - INFO - ** Remessas PAGAMENTO PROCESSADO com VL_PAGAR zerado de CURVELO obtidas
2026-06-09 13:20:11,655 - INFO - ** Gerando .xlsx das remessas de CURVELO
2026-06-09 13:20:12,398 - INFO - ** .xlsx das remessas de CURVELO gerado
2026-06-09 13:20:12,398 - INFO - * Finalizado processamento da regional CURVELO
2026-06-09 13:20:12,399 - INFO - * Iniciando processamento da regional DIAMANTINA
2026-06-09 13:20:12,399 - INFO - ** Obtendo TODAS remessas de DIAMANTINA
2026-06-09 13:20:12,412 - INFO - **TODAS remessas de DIAMANTINA obtidas
2026-06-09 13:20:12,412 - INFO - ** Obtendo remessas EM REVISAO de DIAMANTINA
2026-06-09 13:20:12,413 - INFO - ** Remessas EM REVISAO de DIAMANTINA obtidas
2026-06-09 13:20:12,413 - INFO - ** Obtendo remessas LIBERADO PARA PAGAMENTO de DIAMANTINA
2026-06-09 13:20:12,413 - INFO - ** Remessas LIBERADO PARA PAGAMENTO de DIAMANTINA obtidas
2026-06-09 13:20:12,414 - INFO - ** Obtendo remessas PAGAMENTO PROCESSADO comVL_PAGAR zerado de DIAMANTINA
2026-06-09 13:20:12,415 - INFO - ** Remessas PAGAMENTO PROCESSADO com VL_PAGAR zerado de DIAMANTINA obtidas
2026-06-09 13:20:12,415 - INFO - ** Gerando .xlsx das remessas de DIAMANTINA
2026-06-09 13:20:13,519 - INFO - ** .xlsx das remessas de DIAMANTINA gerado
2026-06-09 13:20:13,520 - INFO - * Finalizado processamento da regional DIAMANTINA
2026-06-09 13:20:13,520 - INFO - * Iniciando processamento da regional DIVINÓPOLIS
2026-06-09 13:20:13,520 - INFO - ** Obtendo TODAS remessas de DIVINÓPOLIS
2026-06-09 13:20:13,533 - INFO - **TODAS remessas de DIVINÓPOLIS obtidas
2026-06-09 13:20:13,534 - INFO - ** Obtendo remessas EM REVISAO de DIVINÓPOLIS
2026-06-09 13:20:13,534 - INFO - ** Remessas EM REVISAO de DIVINÓPOLIS obtidas
2026-06-09 13:20:13,535 - INFO - ** Obtendo remessas LIBERADO PARA PAGAMENTO de DIVINÓPOLIS
2026-06-09 13:20:13,535 - INFO - ** Remessas LIBERADO PARA PAGAMENTO de DIVINÓPOLIS obtidas
2026-06-09 13:20:13,535 - INFO - ** Obtendo remessas PAGAMENTO PROCESSADO comVL_PAGAR zerado de DIVINÓPOLIS
2026-06-09 13:20:13,537 - INFO - ** Remessas PAGAMENTO PROCESSADO com VL_PAGAR zerado de DIVINÓPOLIS obtidas
2026-06-09 13:20:13,537 - INFO - ** Gerando .xlsx das remessas de DIVINÓPOLIS
2026-06-09 13:20:14,610 - INFO - ** .xlsx das remessas de DIVINÓPOLIS gerado
2026-06-09 13:20:14,611 - INFO - * Finalizado processamento da regional DIVINÓPOLIS
2026-06-09 13:20:14,611 - INFO - * Iniciando processamento da regional GOVERNADOR VALADARES
2026-06-09 13:20:14,611 - INFO - ** Obtendo TODAS remessas de GOVERNADOR VALADARES
2026-06-09 13:20:14,626 - INFO - **TODAS remessas de GOVERNADOR VALADARES obtidas
2026-06-09 13:20:14,626 - INFO - ** Obtendo remessas EM REVISAO de GOVERNADOR VALADARES
2026-06-09 13:20:14,627 - INFO - ** Remessas EM REVISAO de GOVERNADOR VALADARES obtidas
2026-06-09 13:20:14,627 - INFO - ** Obtendo remessas LIBERADO PARA PAGAMENTO de GOVERNADOR VALADARES
2026-06-09 13:20:14,628 - INFO - ** Remessas LIBERADO PARA PAGAMENTO de GOVERNADOR VALADARES obtidas
2026-06-09 13:20:14,628 - INFO - ** Obtendo remessas PAGAMENTO PROCESSADO comVL_PAGAR zerado de GOVERNADOR VALADARES
2026-06-09 13:20:14,630 - INFO - ** Remessas PAGAMENTO PROCESSADO com VL_PAGAR zerado de GOVERNADOR VALADARES obtidas
2026-06-09 13:20:14,630 - INFO - ** Gerando .xlsx das remessas de GOVERNADOR VALADARES
2026-06-09 13:20:16,340 - INFO - ** .xlsx das remessas de GOVERNADOR VALADARES gerado
2026-06-09 13:20:16,340 - INFO - * Finalizado processamento da regional GOVERNADOR VALADARES
2026-06-09 13:20:16,341 - INFO - * Iniciando processamento da regional ITABIRA
2026-06-09 13:20:16,341 - INFO - ** Obtendo TODAS remessas de ITABIRA
2026-06-09 13:20:16,354 - INFO - **TODAS remessas de ITABIRA obtidas
2026-06-09 13:20:16,354 - INFO - ** Obtendo remessas EM REVISAO de ITABIRA
2026-06-09 13:20:16,355 - INFO - ** Remessas EM REVISAO de ITABIRA obtidas
2026-06-09 13:20:16,355 - INFO - ** Obtendo remessas LIBERADO PARA PAGAMENTO de ITABIRA
2026-06-09 13:20:16,355 - INFO - ** Remessas LIBERADO PARA PAGAMENTO de ITABIRA obtidas
2026-06-09 13:20:16,356 - INFO - ** Obtendo remessas PAGAMENTO PROCESSADO comVL_PAGAR zerado de ITABIRA
2026-06-09 13:20:16,357 - INFO - ** Remessas PAGAMENTO PROCESSADO com VL_PAGAR zerado de ITABIRA obtidas
2026-06-09 13:20:16,358 - INFO - ** Gerando .xlsx das remessas de ITABIRA
2026-06-09 13:20:17,418 - INFO - ** .xlsx das remessas de ITABIRA gerado
2026-06-09 13:20:17,419 - INFO - * Finalizado processamento da regional ITABIRA
2026-06-09 13:20:17,419 - INFO - * Iniciando processamento da regional ITAÚNA
2026-06-09 13:20:17,419 - INFO - ** Obtendo TODAS remessas de ITAÚNA
2026-06-09 13:20:17,432 - INFO - **TODAS remessas de ITAÚNA obtidas
2026-06-09 13:20:17,432 - INFO - ** Obtendo remessas EM REVISAO de ITAÚNA
2026-06-09 13:20:17,432 - INFO - ** Remessas EM REVISAO de ITAÚNA obtidas
2026-06-09 13:20:17,433 - INFO - ** Obtendo remessas LIBERADO PARA PAGAMENTO de ITAÚNA
2026-06-09 13:20:17,433 - INFO - ** Remessas LIBERADO PARA PAGAMENTO de ITAÚNA obtidas
2026-06-09 13:20:17,433 - INFO - ** Obtendo remessas PAGAMENTO PROCESSADO comVL_PAGAR zerado de ITAÚNA
2026-06-09 13:20:17,434 - INFO - ** Remessas PAGAMENTO PROCESSADO com VL_PAGAR zerado de ITAÚNA obtidas
2026-06-09 13:20:17,434 - INFO - ** Gerando .xlsx das remessas de ITAÚNA
2026-06-09 13:20:18,281 - INFO - ** .xlsx das remessas de ITAÚNA gerado
2026-06-09 13:20:18,281 - INFO - * Finalizado processamento da regional ITAÚNA
2026-06-09 13:20:18,281 - INFO - * Iniciando processamento da regional ITUIUTABA
2026-06-09 13:20:18,282 - INFO - ** Obtendo TODAS remessas de ITUIUTABA
2026-06-09 13:20:18,293 - INFO - **TODAS remessas de ITUIUTABA obtidas
2026-06-09 13:20:18,293 - INFO - ** Obtendo remessas EM REVISAO de ITUIUTABA
2026-06-09 13:20:18,294 - INFO - ** Remessas EM REVISAO de ITUIUTABA obtidas
2026-06-09 13:20:18,294 - INFO - ** Obtendo remessas LIBERADO PARA PAGAMENTO de ITUIUTABA
2026-06-09 13:20:18,295 - INFO - ** Remessas LIBERADO PARA PAGAMENTO de ITUIUTABA obtidas
2026-06-09 13:20:18,295 - INFO - ** Obtendo remessas PAGAMENTO PROCESSADO comVL_PAGAR zerado de ITUIUTABA
2026-06-09 13:20:18,296 - INFO - ** Remessas PAGAMENTO PROCESSADO com VL_PAGAR zerado de ITUIUTABA obtidas
2026-06-09 13:20:18,296 - INFO - ** Gerando .xlsx das remessas de ITUIUTABA
2026-06-09 13:20:18,721 - INFO - ** .xlsx das remessas de ITUIUTABA gerado
2026-06-09 13:20:18,721 - INFO - * Finalizado processamento da regional ITUIUTABA
2026-06-09 13:20:18,721 - INFO - * Iniciando processamento da regional JUIZ DE FORA
2026-06-09 13:20:18,722 - INFO - ** Obtendo TODAS remessas de JUIZ DE FORA
2026-06-09 13:20:18,736 - INFO - **TODAS remessas de JUIZ DE FORA obtidas
2026-06-09 13:20:18,736 - INFO - ** Obtendo remessas EM REVISAO de JUIZ DE FORA
2026-06-09 13:20:18,737 - INFO - ** Remessas EM REVISAO de JUIZ DE FORA obtidas
2026-06-09 13:20:18,737 - INFO - ** Obtendo remessas LIBERADO PARA PAGAMENTO de JUIZ DE FORA
2026-06-09 13:20:18,738 - INFO - ** Remessas LIBERADO PARA PAGAMENTO de JUIZ DE FORA obtidas
2026-06-09 13:20:18,738 - INFO - ** Obtendo remessas PAGAMENTO PROCESSADO comVL_PAGAR zerado de JUIZ DE FORA
2026-06-09 13:20:18,740 - INFO - ** Remessas PAGAMENTO PROCESSADO com VL_PAGAR zerado de JUIZ DE FORA obtidas
2026-06-09 13:20:18,741 - INFO - ** Gerando .xlsx das remessas de JUIZ DE FORA
2026-06-09 13:20:20,868 - INFO - ** .xlsx das remessas de JUIZ DE FORA gerado
2026-06-09 13:20:20,868 - INFO - * Finalizado processamento da regional JUIZ DE FORA
2026-06-09 13:20:20,868 - INFO - * Iniciando processamento da regional LAVRAS
2026-06-09 13:20:20,869 - INFO - ** Obtendo TODAS remessas de LAVRAS
2026-06-09 13:20:20,882 - INFO - **TODAS remessas de LAVRAS obtidas
2026-06-09 13:20:20,883 - INFO - ** Obtendo remessas EM REVISAO de LAVRAS
2026-06-09 13:20:20,883 - INFO - ** Remessas EM REVISAO de LAVRAS obtidas
2026-06-09 13:20:20,884 - INFO - ** Obtendo remessas LIBERADO PARA PAGAMENTO de LAVRAS
2026-06-09 13:20:20,884 - INFO - ** Remessas LIBERADO PARA PAGAMENTO de LAVRAS obtidas
2026-06-09 13:20:20,884 - INFO - ** Obtendo remessas PAGAMENTO PROCESSADO comVL_PAGAR zerado de LAVRAS
2026-06-09 13:20:20,886 - INFO - ** Remessas PAGAMENTO PROCESSADO com VL_PAGAR zerado de LAVRAS obtidas
2026-06-09 13:20:20,886 - INFO - ** Gerando .xlsx das remessas de LAVRAS
2026-06-09 13:20:22,182 - INFO - ** .xlsx das remessas de LAVRAS gerado
2026-06-09 13:20:22,182 - INFO - * Finalizado processamento da regional LAVRAS
2026-06-09 13:20:22,182 - INFO - * Iniciando processamento da regional MANHUAÇU
2026-06-09 13:20:22,182 - INFO - ** Obtendo TODAS remessas de MANHUAÇU
2026-06-09 13:20:22,205 - INFO - **TODAS remessas de MANHUAÇU obtidas
2026-06-09 13:20:22,206 - INFO - ** Obtendo remessas EM REVISAO de MANHUAÇU
2026-06-09 13:20:22,207 - INFO - ** Remessas EM REVISAO de MANHUAÇU obtidas
2026-06-09 13:20:22,207 - INFO - ** Obtendo remessas LIBERADO PARA PAGAMENTO de MANHUAÇU
2026-06-09 13:20:22,207 - INFO - ** Remessas LIBERADO PARA PAGAMENTO de MANHUAÇU obtidas
2026-06-09 13:20:22,208 - INFO - ** Obtendo remessas PAGAMENTO PROCESSADO comVL_PAGAR zerado de MANHUAÇU
2026-06-09 13:20:22,209 - INFO - ** Remessas PAGAMENTO PROCESSADO com VL_PAGAR zerado de MANHUAÇU obtidas
2026-06-09 13:20:22,209 - INFO - ** Gerando .xlsx das remessas de MANHUAÇU
2026-06-09 13:20:22,846 - INFO - ** .xlsx das remessas de MANHUAÇU gerado
2026-06-09 13:20:22,846 - INFO - * Finalizado processamento da regional MANHUAÇU
2026-06-09 13:20:22,846 - INFO - * Iniciando processamento da regional MONTES CLAROS
2026-06-09 13:20:22,847 - INFO - ** Obtendo TODAS remessas de MONTES CLAROS
2026-06-09 13:20:22,864 - INFO - **TODAS remessas de MONTES CLAROS obtidas
2026-06-09 13:20:22,865 - INFO - ** Obtendo remessas EM REVISAO de MONTES CLAROS
2026-06-09 13:20:22,866 - INFO - ** Remessas EM REVISAO de MONTES CLAROS obtidas
2026-06-09 13:20:22,866 - INFO - ** Obtendo remessas LIBERADO PARA PAGAMENTO de MONTES CLAROS
2026-06-09 13:20:22,867 - INFO - ** Remessas LIBERADO PARA PAGAMENTO de MONTES CLAROS obtidas
2026-06-09 13:20:22,867 - INFO - ** Obtendo remessas PAGAMENTO PROCESSADO comVL_PAGAR zerado de MONTES CLAROS
2026-06-09 13:20:22,871 - INFO - ** Remessas PAGAMENTO PROCESSADO com VL_PAGAR zerado de MONTES CLAROS obtidas
2026-06-09 13:20:22,872 - INFO - ** Gerando .xlsx das remessas de MONTES CLAROS
2026-06-09 13:20:27,293 - INFO - ** .xlsx das remessas de MONTES CLAROS gerado
2026-06-09 13:20:27,294 - INFO - * Finalizado processamento da regional MONTES CLAROS
2026-06-09 13:20:27,294 - INFO - * Iniciando processamento da regional MURIAÉ
2026-06-09 13:20:27,294 - INFO - ** Obtendo TODAS remessas de MURIAÉ
2026-06-09 13:20:27,315 - INFO - **TODAS remessas de MURIAÉ obtidas
2026-06-09 13:20:27,315 - INFO - ** Obtendo remessas EM REVISAO de MURIAÉ
2026-06-09 13:20:27,317 - INFO - ** Remessas EM REVISAO de MURIAÉ obtidas
2026-06-09 13:20:27,317 - INFO - ** Obtendo remessas LIBERADO PARA PAGAMENTO de MURIAÉ
2026-06-09 13:20:27,318 - INFO - ** Remessas LIBERADO PARA PAGAMENTO de MURIAÉ obtidas
2026-06-09 13:20:27,318 - INFO - ** Obtendo remessas PAGAMENTO PROCESSADO comVL_PAGAR zerado de MURIAÉ
2026-06-09 13:20:27,322 - INFO - ** Remessas PAGAMENTO PROCESSADO com VL_PAGAR zerado de MURIAÉ obtidas
2026-06-09 13:20:27,322 - INFO - ** Gerando .xlsx das remessas de MURIAÉ
2026-06-09 13:20:31,049 - INFO - ** .xlsx das remessas de MURIAÉ gerado
2026-06-09 13:20:31,050 - INFO - * Finalizado processamento da regional MURIAÉ
2026-06-09 13:20:31,050 - INFO - * Iniciando processamento da regional OLIVEIRA
2026-06-09 13:20:31,050 - INFO - ** Obtendo TODAS remessas de OLIVEIRA
2026-06-09 13:20:31,068 - INFO - **TODAS remessas de OLIVEIRA obtidas
2026-06-09 13:20:31,069 - INFO - ** Obtendo remessas EM REVISAO de OLIVEIRA
2026-06-09 13:20:31,070 - INFO - ** Remessas EM REVISAO de OLIVEIRA obtidas
2026-06-09 13:20:31,070 - INFO - ** Obtendo remessas LIBERADO PARA PAGAMENTO de OLIVEIRA
2026-06-09 13:20:31,071 - INFO - ** Remessas LIBERADO PARA PAGAMENTO de OLIVEIRA obtidas
2026-06-09 13:20:31,071 - INFO - ** Obtendo remessas PAGAMENTO PROCESSADO comVL_PAGAR zerado de OLIVEIRA
2026-06-09 13:20:31,073 - INFO - ** Remessas PAGAMENTO PROCESSADO com VL_PAGAR zerado de OLIVEIRA obtidas
2026-06-09 13:20:31,073 - INFO - ** Gerando .xlsx das remessas de OLIVEIRA
2026-06-09 13:20:33,149 - INFO - ** .xlsx das remessas de OLIVEIRA gerado
2026-06-09 13:20:33,149 - INFO - * Finalizado processamento da regional OLIVEIRA
2026-06-09 13:20:33,150 - INFO - * Iniciando processamento da regional PARACATU
2026-06-09 13:20:33,150 - INFO - ** Obtendo TODAS remessas de PARACATU
2026-06-09 13:20:33,162 - INFO - **TODAS remessas de PARACATU obtidas
2026-06-09 13:20:33,162 - INFO - ** Obtendo remessas EM REVISAO de PARACATU
2026-06-09 13:20:33,163 - INFO - ** Remessas EM REVISAO de PARACATU obtidas
2026-06-09 13:20:33,163 - INFO - ** Obtendo remessas LIBERADO PARA PAGAMENTO de PARACATU
2026-06-09 13:20:33,163 - INFO - ** Remessas LIBERADO PARA PAGAMENTO de PARACATU obtidas
2026-06-09 13:20:33,164 - INFO - ** Obtendo remessas PAGAMENTO PROCESSADO comVL_PAGAR zerado de PARACATU
2026-06-09 13:20:33,164 - INFO - ** Remessas PAGAMENTO PROCESSADO com VL_PAGAR zerado de PARACATU obtidas
2026-06-09 13:20:33,165 - INFO - ** Gerando .xlsx das remessas de PARACATU
2026-06-09 13:20:33,610 - INFO - ** .xlsx das remessas de PARACATU gerado
2026-06-09 13:20:33,610 - INFO - * Finalizado processamento da regional PARACATU
2026-06-09 13:20:33,610 - INFO - * Iniciando processamento da regional PASSOS
2026-06-09 13:20:33,610 - INFO - ** Obtendo TODAS remessas de PASSOS
2026-06-09 13:20:33,625 - INFO - **TODAS remessas de PASSOS obtidas
2026-06-09 13:20:33,625 - INFO - ** Obtendo remessas EM REVISAO de PASSOS
2026-06-09 13:20:33,626 - INFO - ** Remessas EM REVISAO de PASSOS obtidas
2026-06-09 13:20:33,627 - INFO - ** Obtendo remessas LIBERADO PARA PAGAMENTO de PASSOS
2026-06-09 13:20:33,627 - INFO - ** Remessas LIBERADO PARA PAGAMENTO de PASSOS obtidas
2026-06-09 13:20:33,627 - INFO - ** Obtendo remessas PAGAMENTO PROCESSADO comVL_PAGAR zerado de PASSOS
2026-06-09 13:20:33,629 - INFO - ** Remessas PAGAMENTO PROCESSADO com VL_PAGAR zerado de PASSOS obtidas
2026-06-09 13:20:33,629 - INFO - ** Gerando .xlsx das remessas de PASSOS
2026-06-09 13:20:35,678 - INFO - ** .xlsx das remessas de PASSOS gerado
2026-06-09 13:20:35,678 - INFO - * Finalizado processamento da regional PASSOS
2026-06-09 13:20:35,678 - INFO - * Iniciando processamento da regional PATOS DE MINAS
2026-06-09 13:20:35,678 - INFO - ** Obtendo TODAS remessas de PATOS DE MINAS
2026-06-09 13:20:35,691 - INFO - **TODAS remessas de PATOS DE MINAS obtidas
2026-06-09 13:20:35,691 - INFO - ** Obtendo remessas EM REVISAO de PATOS DE MINAS
2026-06-09 13:20:35,692 - INFO - ** Remessas EM REVISAO de PATOS DE MINAS obtidas
2026-06-09 13:20:35,692 - INFO - ** Obtendo remessas LIBERADO PARA PAGAMENTO de PATOS DE MINAS
2026-06-09 13:20:35,692 - INFO - ** Remessas LIBERADO PARA PAGAMENTO de PATOS DE MINAS obtidas
2026-06-09 13:20:35,693 - INFO - ** Obtendo remessas PAGAMENTO PROCESSADO comVL_PAGAR zerado de PATOS DE MINAS
2026-06-09 13:20:35,694 - INFO - ** Remessas PAGAMENTO PROCESSADO com VL_PAGAR zerado de PATOS DE MINAS obtidas
2026-06-09 13:20:35,694 - INFO - ** Gerando .xlsx das remessas de PATOS DE MINAS
2026-06-09 13:20:36,550 - INFO - ** .xlsx das remessas de PATOS DE MINAS gerado
2026-06-09 13:20:36,550 - INFO - * Finalizado processamento da regional PATOS DE MINAS
2026-06-09 13:20:36,550 - INFO - * Iniciando processamento da regional PEDRO LEOPOLDO
2026-06-09 13:20:36,550 - INFO - ** Obtendo TODAS remessas de PEDRO LEOPOLDO
2026-06-09 13:20:36,564 - INFO - **TODAS remessas de PEDRO LEOPOLDO obtidas
2026-06-09 13:20:36,565 - INFO - ** Obtendo remessas EM REVISAO de PEDRO LEOPOLDO
2026-06-09 13:20:36,565 - INFO - ** Remessas EM REVISAO de PEDRO LEOPOLDO obtidas
2026-06-09 13:20:36,566 - INFO - ** Obtendo remessas LIBERADO PARA PAGAMENTO de PEDRO LEOPOLDO
2026-06-09 13:20:36,566 - INFO - ** Remessas LIBERADO PARA PAGAMENTO de PEDRO LEOPOLDO obtidas
2026-06-09 13:20:36,566 - INFO - ** Obtendo remessas PAGAMENTO PROCESSADO comVL_PAGAR zerado de PEDRO LEOPOLDO
2026-06-09 13:20:36,567 - INFO - ** Remessas PAGAMENTO PROCESSADO com VL_PAGAR zerado de PEDRO LEOPOLDO obtidas
2026-06-09 13:20:36,567 - INFO - ** Gerando .xlsx das remessas de PEDRO LEOPOLDO
2026-06-09 13:20:37,238 - INFO - ** .xlsx das remessas de PEDRO LEOPOLDO gerado
2026-06-09 13:20:37,238 - INFO - * Finalizado processamento da regional PEDRO LEOPOLDO
2026-06-09 13:20:37,238 - INFO - * Iniciando processamento da regional POÇOS DE CALDAS
2026-06-09 13:20:37,238 - INFO - ** Obtendo TODAS remessas de POÇOS DE CALDAS
2026-06-09 13:20:37,257 - INFO - **TODAS remessas de POÇOS DE CALDAS obtidas
2026-06-09 13:20:37,258 - INFO - ** Obtendo remessas EM REVISAO de POÇOS DE CALDAS
2026-06-09 13:20:37,258 - INFO - ** Remessas EM REVISAO de POÇOS DE CALDAS obtidas
2026-06-09 13:20:37,259 - INFO - ** Obtendo remessas LIBERADO PARA PAGAMENTO de POÇOS DE CALDAS
2026-06-09 13:20:37,259 - INFO - ** Remessas LIBERADO PARA PAGAMENTO de POÇOS DE CALDAS obtidas
2026-06-09 13:20:37,259 - INFO - ** Obtendo remessas PAGAMENTO PROCESSADO comVL_PAGAR zerado de POÇOS DE CALDAS
2026-06-09 13:20:37,260 - INFO - ** Remessas PAGAMENTO PROCESSADO com VL_PAGAR zerado de POÇOS DE CALDAS obtidas
2026-06-09 13:20:37,260 - INFO - ** Gerando .xlsx das remessas de POÇOS DE CALDAS
2026-06-09 13:20:37,755 - INFO - ** .xlsx das remessas de POÇOS DE CALDAS gerado
2026-06-09 13:20:37,756 - INFO - * Finalizado processamento da regional POÇOS DE CALDAS
2026-06-09 13:20:37,756 - INFO - * Iniciando processamento da regional PONTE NOVA
2026-06-09 13:20:37,756 - INFO - ** Obtendo TODAS remessas de PONTE NOVA
2026-06-09 13:20:37,774 - INFO - **TODAS remessas de PONTE NOVA obtidas
2026-06-09 13:20:37,774 - INFO - ** Obtendo remessas EM REVISAO de PONTE NOVA
2026-06-09 13:20:37,775 - INFO - ** Remessas EM REVISAO de PONTE NOVA obtidas
2026-06-09 13:20:37,775 - INFO - ** Obtendo remessas LIBERADO PARA PAGAMENTO de PONTE NOVA
2026-06-09 13:20:37,776 - INFO - ** Remessas LIBERADO PARA PAGAMENTO de PONTE NOVA obtidas
2026-06-09 13:20:37,777 - INFO - ** Obtendo remessas PAGAMENTO PROCESSADO comVL_PAGAR zerado de PONTE NOVA
2026-06-09 13:20:37,778 - INFO - ** Remessas PAGAMENTO PROCESSADO com VL_PAGAR zerado de PONTE NOVA obtidas
2026-06-09 13:20:37,778 - INFO - ** Gerando .xlsx das remessas de PONTE NOVA
2026-06-09 13:20:39,602 - INFO - ** .xlsx das remessas de PONTE NOVA gerado
2026-06-09 13:20:39,602 - INFO - * Finalizado processamento da regional PONTE NOVA
2026-06-09 13:20:39,602 - INFO - * Iniciando processamento da regional POUSO ALEGRE
2026-06-09 13:20:39,603 - INFO - ** Obtendo TODAS remessas de POUSO ALEGRE
2026-06-09 13:20:39,619 - INFO - **TODAS remessas de POUSO ALEGRE obtidas
2026-06-09 13:20:39,620 - INFO - ** Obtendo remessas EM REVISAO de POUSO ALEGRE
2026-06-09 13:20:39,621 - INFO - ** Remessas EM REVISAO de POUSO ALEGRE obtidas
2026-06-09 13:20:39,621 - INFO - ** Obtendo remessas LIBERADO PARA PAGAMENTO de POUSO ALEGRE
2026-06-09 13:20:39,622 - INFO - ** Remessas LIBERADO PARA PAGAMENTO de POUSO ALEGRE obtidas
2026-06-09 13:20:39,622 - INFO - ** Obtendo remessas PAGAMENTO PROCESSADO comVL_PAGAR zerado de POUSO ALEGRE
2026-06-09 13:20:39,624 - INFO - ** Remessas PAGAMENTO PROCESSADO com VL_PAGAR zerado de POUSO ALEGRE obtidas
2026-06-09 13:20:39,624 - INFO - ** Gerando .xlsx das remessas de POUSO ALEGRE
2026-06-09 13:20:41,621 - INFO - ** .xlsx das remessas de POUSO ALEGRE gerado
2026-06-09 13:20:41,622 - INFO - * Finalizado processamento da regional POUSO ALEGRE
2026-06-09 13:20:41,622 - INFO - * Iniciando processamento da regional SALINAS
2026-06-09 13:20:41,622 - INFO - ** Obtendo TODAS remessas de SALINAS
2026-06-09 13:20:41,636 - INFO - **TODAS remessas de SALINAS obtidas
2026-06-09 13:20:41,636 - INFO - ** Obtendo remessas EM REVISAO de SALINAS
2026-06-09 13:20:41,637 - INFO - ** Remessas EM REVISAO de SALINAS obtidas
2026-06-09 13:20:41,637 - INFO - ** Obtendo remessas LIBERADO PARA PAGAMENTO de SALINAS
2026-06-09 13:20:41,638 - INFO - ** Remessas LIBERADO PARA PAGAMENTO de SALINAS obtidas
2026-06-09 13:20:41,638 - INFO - ** Obtendo remessas PAGAMENTO PROCESSADO comVL_PAGAR zerado de SALINAS
2026-06-09 13:20:41,640 - INFO - ** Remessas PAGAMENTO PROCESSADO com VL_PAGAR zerado de SALINAS obtidas
2026-06-09 13:20:41,640 - INFO - ** Gerando .xlsx das remessas de SALINAS
2026-06-09 13:20:42,579 - INFO - ** .xlsx das remessas de SALINAS gerado
2026-06-09 13:20:42,580 - INFO - * Finalizado processamento da regional SALINAS
2026-06-09 13:20:42,580 - INFO - * Iniciando processamento da regional SAO JOAO DEL REI
2026-06-09 13:20:42,580 - INFO - ** Obtendo TODAS remessas de SAO JOAO DEL REI
2026-06-09 13:20:42,594 - INFO - **TODAS remessas de SAO JOAO DEL REI obtidas
2026-06-09 13:20:42,595 - INFO - ** Obtendo remessas EM REVISAO de SAO JOAO DEL REI
2026-06-09 13:20:42,595 - INFO - ** Remessas EM REVISAO de SAO JOAO DEL REI obtidas
2026-06-09 13:20:42,596 - INFO - ** Obtendo remessas LIBERADO PARA PAGAMENTO de SAO JOAO DEL REI
2026-06-09 13:20:42,596 - INFO - ** Remessas LIBERADO PARA PAGAMENTO de SAO JOAO DEL REI obtidas
2026-06-09 13:20:42,596 - INFO - ** Obtendo remessas PAGAMENTO PROCESSADO comVL_PAGAR zerado de SAO JOAO DEL REI
2026-06-09 13:20:42,597 - INFO - ** Remessas PAGAMENTO PROCESSADO com VL_PAGAR zerado de SAO JOAO DEL REI obtidas
2026-06-09 13:20:42,598 - INFO - ** Gerando .xlsx das remessas de SAO JOAO DEL REI
2026-06-09 13:20:43,355 - INFO - ** .xlsx das remessas de SAO JOAO DEL REI gerado
2026-06-09 13:20:43,355 - INFO - * Finalizado processamento da regional SAO JOAO DEL REI
2026-06-09 13:20:43,355 - INFO - * Iniciando processamento da regional SETE LAGOAS
2026-06-09 13:20:43,356 - INFO - ** Obtendo TODAS remessas de SETE LAGOAS
2026-06-09 13:20:43,369 - INFO - **TODAS remessas de SETE LAGOAS obtidas
2026-06-09 13:20:43,369 - INFO - ** Obtendo remessas EM REVISAO de SETE LAGOAS
2026-06-09 13:20:43,370 - INFO - ** Remessas EM REVISAO de SETE LAGOAS obtidas
2026-06-09 13:20:43,370 - INFO - ** Obtendo remessas LIBERADO PARA PAGAMENTO de SETE LAGOAS
2026-06-09 13:20:43,371 - INFO - ** Remessas LIBERADO PARA PAGAMENTO de SETE LAGOAS obtidas
2026-06-09 13:20:43,371 - INFO - ** Obtendo remessas PAGAMENTO PROCESSADO comVL_PAGAR zerado de SETE LAGOAS
2026-06-09 13:20:43,372 - INFO - ** Remessas PAGAMENTO PROCESSADO com VL_PAGAR zerado de SETE LAGOAS obtidas
2026-06-09 13:20:43,372 - INFO - ** Gerando .xlsx das remessas de SETE LAGOAS
2026-06-09 13:20:43,958 - INFO - ** .xlsx das remessas de SETE LAGOAS gerado
2026-06-09 13:20:43,958 - INFO - * Finalizado processamento da regional SETE LAGOAS
2026-06-09 13:20:43,959 - INFO - * Iniciando processamento da regional TEÓFILO OTONI
2026-06-09 13:20:43,959 - INFO - ** Obtendo TODAS remessas de TEÓFILO OTONI
2026-06-09 13:20:43,973 - INFO - **TODAS remessas de TEÓFILO OTONI obtidas
2026-06-09 13:20:43,974 - INFO - ** Obtendo remessas EM REVISAO de TEÓFILO OTONI
2026-06-09 13:20:43,975 - INFO - ** Remessas EM REVISAO de TEÓFILO OTONI obtidas
2026-06-09 13:20:43,975 - INFO - ** Obtendo remessas LIBERADO PARA PAGAMENTO de TEÓFILO OTONI
2026-06-09 13:20:43,975 - INFO - ** Remessas LIBERADO PARA PAGAMENTO de TEÓFILO OTONI obtidas
2026-06-09 13:20:43,976 - INFO - ** Obtendo remessas PAGAMENTO PROCESSADO comVL_PAGAR zerado de TEÓFILO OTONI
2026-06-09 13:20:43,978 - INFO - ** Remessas PAGAMENTO PROCESSADO com VL_PAGAR zerado de TEÓFILO OTONI obtidas
2026-06-09 13:20:43,978 - INFO - ** Gerando .xlsx das remessas de TEÓFILO OTONI
2026-06-09 13:20:45,185 - INFO - ** .xlsx das remessas de TEÓFILO OTONI gerado
2026-06-09 13:20:45,185 - INFO - * Finalizado processamento da regional TEÓFILO OTONI
2026-06-09 13:20:45,186 - INFO - * Iniciando processamento da regional UBÁ
2026-06-09 13:20:45,186 - INFO - ** Obtendo TODAS remessas de UBÁ
2026-06-09 13:20:45,200 - INFO - **TODAS remessas de UBÁ obtidas
2026-06-09 13:20:45,200 - INFO - ** Obtendo remessas EM REVISAO de UBÁ
2026-06-09 13:20:45,201 - INFO - ** Remessas EM REVISAO de UBÁ obtidas
2026-06-09 13:20:45,201 - INFO - ** Obtendo remessas LIBERADO PARA PAGAMENTO de UBÁ
2026-06-09 13:20:45,202 - INFO - ** Remessas LIBERADO PARA PAGAMENTO de UBÁ obtidas
2026-06-09 13:20:45,202 - INFO - ** Obtendo remessas PAGAMENTO PROCESSADO comVL_PAGAR zerado de UBÁ
2026-06-09 13:20:45,204 - INFO - ** Remessas PAGAMENTO PROCESSADO com VL_PAGAR zerado de UBÁ obtidas
2026-06-09 13:20:45,204 - INFO - ** Gerando .xlsx das remessas de UBÁ
2026-06-09 13:20:46,515 - INFO - ** .xlsx das remessas de UBÁ gerado
2026-06-09 13:20:46,516 - INFO - * Finalizado processamento da regional UBÁ
2026-06-09 13:20:46,516 - INFO - * Iniciando processamento da regional UBERABA
2026-06-09 13:20:46,516 - INFO - ** Obtendo TODAS remessas de UBERABA
2026-06-09 13:20:46,532 - INFO - **TODAS remessas de UBERABA obtidas
2026-06-09 13:20:46,533 - INFO - ** Obtendo remessas EM REVISAO de UBERABA
2026-06-09 13:20:46,534 - INFO - ** Remessas EM REVISAO de UBERABA obtidas
2026-06-09 13:20:46,534 - INFO - ** Obtendo remessas LIBERADO PARA PAGAMENTO de UBERABA
2026-06-09 13:20:46,535 - INFO - ** Remessas LIBERADO PARA PAGAMENTO de UBERABA obtidas
2026-06-09 13:20:46,535 - INFO - ** Obtendo remessas PAGAMENTO PROCESSADO comVL_PAGAR zerado de UBERABA
2026-06-09 13:20:46,537 - INFO - ** Remessas PAGAMENTO PROCESSADO com VL_PAGAR zerado de UBERABA obtidas
2026-06-09 13:20:46,537 - INFO - ** Gerando .xlsx das remessas de UBERABA
2026-06-09 13:20:48,766 - INFO - ** .xlsx das remessas de UBERABA gerado
2026-06-09 13:20:48,767 - INFO - * Finalizado processamento da regional UBERABA
2026-06-09 13:20:48,767 - INFO - * Iniciando processamento da regional UBERLANDIA
2026-06-09 13:20:48,767 - INFO - ** Obtendo TODAS remessas de UBERLANDIA
2026-06-09 13:20:48,788 - INFO - **TODAS remessas de UBERLANDIA obtidas
2026-06-09 13:20:48,788 - INFO - ** Obtendo remessas EM REVISAO de UBERLANDIA
2026-06-09 13:20:48,790 - INFO - ** Remessas EM REVISAO de UBERLANDIA obtidas
2026-06-09 13:20:48,790 - INFO - ** Obtendo remessas LIBERADO PARA PAGAMENTO de UBERLANDIA
2026-06-09 13:20:48,792 - INFO - ** Remessas LIBERADO PARA PAGAMENTO de UBERLANDIA obtidas
2026-06-09 13:20:48,792 - INFO - ** Obtendo remessas PAGAMENTO PROCESSADO comVL_PAGAR zerado de UBERLANDIA
2026-06-09 13:20:48,797 - INFO - ** Remessas PAGAMENTO PROCESSADO com VL_PAGAR zerado de UBERLANDIA obtidas
2026-06-09 13:20:48,797 - INFO - ** Gerando .xlsx das remessas de UBERLANDIA
2026-06-09 13:20:55,170 - INFO - ** .xlsx das remessas de UBERLANDIA gerado
2026-06-09 13:20:55,170 - INFO - * Finalizado processamento da regional UBERLANDIA
2026-06-09 13:20:55,171 - INFO - * Iniciando processamento da regional VARGINHA
2026-06-09 13:20:55,171 - INFO - ** Obtendo TODAS remessas de VARGINHA
2026-06-09 13:20:55,189 - INFO - **TODAS remessas de VARGINHA obtidas
2026-06-09 13:20:55,189 - INFO - ** Obtendo remessas EM REVISAO de VARGINHA
2026-06-09 13:20:55,190 - INFO - ** Remessas EM REVISAO de VARGINHA obtidas
2026-06-09 13:20:55,191 - INFO - ** Obtendo remessas LIBERADO PARA PAGAMENTO de VARGINHA
2026-06-09 13:20:55,191 - INFO - ** Remessas LIBERADO PARA PAGAMENTO de VARGINHA obtidas
2026-06-09 13:20:55,192 - INFO - ** Obtendo remessas PAGAMENTO PROCESSADO comVL_PAGAR zerado de VARGINHA
2026-06-09 13:20:55,193 - INFO - ** Remessas PAGAMENTO PROCESSADO com VL_PAGAR zerado de VARGINHA obtidas
2026-06-09 13:20:55,193 - INFO - ** Gerando .xlsx das remessas de VARGINHA
2026-06-09 13:20:57,215 - INFO - ** .xlsx das remessas de VARGINHA gerado
2026-06-09 13:20:57,215 - INFO - * Finalizado processamento da regional VARGINHA
2026-06-09 13:20:57,215 - INFO - Finalizado processamento de cada regional
