2026-06-09 13:15:58,115 - INFO - Carregando FFE_2022
2026-06-09 13:15:59,227 - INFO - FFE_2022 carregado
2026-06-09 13:15:59,228 - INFO - Adicionando FFE_2022 à lista
2026-06-09 13:15:59,228 - INFO - FFE_2022 adicionado à lista
2026-06-09 13:15:59,228 - INFO - Carregando FFE_2023
2026-06-09 13:16:00,491 - INFO - FFE_2023 carregado
2026-06-09 13:16:00,491 - INFO - Adicionando FFE_2023 à lista
2026-06-09 13:16:00,491 - INFO - FFE_2023 adicionado à lista
2026-06-09 13:16:00,491 - INFO - Carregando FFE_2024
2026-06-09 13:16:01,819 - INFO - FFE_2024 carregado
2026-06-09 13:16:01,820 - INFO - Adicionando FFE_2024 à lista
2026-06-09 13:16:01,821 - INFO - FFE_2024 adicionado à lista
2026-06-09 13:16:01,821 - INFO - Carregando FFE_2025
2026-06-09 13:16:03,225 - INFO - FFE_2025 carregado
2026-06-09 13:16:03,225 - INFO - Adicionando FFE_2025 à lista
2026-06-09 13:16:03,226 - INFO - FFE_2025 adicionado à lista
2026-06-09 13:16:03,226 - INFO - Carregando FFE_2026
2026-06-09 13:16:03,956 - INFO - FFE_2026 carregado
2026-06-09 13:16:03,957 - INFO - Adicionando FFE_2026 à lista
2026-06-09 13:16:03,957 - INFO - FFE_2026 adicionado à lista
2026-06-09 13:16:03,957 - INFO - Reunindo todos os FFE
2026-06-09 13:16:03,999 - INFO - FFE reunidos
2026-06-09 13:16:04,000 - INFO - Filtrando FFE completo
2026-06-09 13:16:04,044 - INFO - FFE completo filtrado
2026-06-09 13:16:04,133 - INFO - Gerando .xlsx dos FFE completos
2026-06-09 13:16:04,200 - INFO - .xlsx dos FFE completos gerado
2026-06-09 13:16:04,201 - INFO - Obtendo remessas EM CADASTRAMENTO
2026-06-09 13:16:04,201 - INFO - Remessas EM CADASTRAMENTO obtidas
2026-06-09 13:16:04,201 - INFO - Gerando .xlsx das remessas EM CADASTRAMENTO
2026-06-09 13:16:04,221 - INFO - .xlsx das remessas EM CADASTRAMENTO gerado
2026-06-09 13:16:04,222 - INFO - Obtendo remessas PAGAMENTO PROCESSADO com VL_PAGAR zerado
2026-06-09 13:16:04,222 - INFO - Remessas PAGAMENTO PROCESSADO com VL_PAGAR zerado obtidas
2026-06-09 13:16:04,223 - INFO - Gerando .xlsx das remessas PAGAMENTO PROCESSADO com VL_PAGAR zerado
2026-06-09 13:16:04,242 - INFO - .xlsx das remessas PAGAMENTO PROCESSADO com VL_PAGAR zerado gerado
2026-06-09 13:16:04,242 - INFO - Obtendo dados de contato das regionais
2026-06-09 13:16:04,388 - INFO - Dados de contato das regionais obtidos
2026-06-09 13:16:04,388 - INFO - Iniciando processamento de cada regional
2026-06-09 13:16:04,388 - INFO - * Iniciando processamento da regional ALFENAS
2026-06-09 13:16:04,388 - INFO - ** Obtendo TODAS remessas de ALFENAS
2026-06-09 13:16:04,389 - INFO - **TODAS remessas de ALFENAS obtidas
2026-06-09 13:16:04,389 - INFO - ** Obtendo remessas EM REVISAO de ALFENAS
2026-06-09 13:16:04,389 - INFO - ** Remessas EM REVISAO de ALFENAS obtidas
2026-06-09 13:16:04,389 - INFO - ** Obtendo remessas LIBERADO PARA PAGAMENTO de ALFENAS
2026-06-09 13:16:04,390 - INFO - ** Remessas LIBERADO PARA PAGAMENTO de ALFENAS obtidas
2026-06-09 13:16:04,390 - INFO - ** Obtendo remessas PAGAMENTO PROCESSADO comVL_PAGAR zerado de ALFENAS
2026-06-09 13:16:04,390 - INFO - ** Remessas PAGAMENTO PROCESSADO com VL_PAGAR zerado de ALFENAS obtidas
2026-06-09 13:16:04,390 - INFO - ** Gerando .xlsx das remessas de ALFENAS
2026-06-09 13:16:04,423 - INFO - ** .xlsx das remessas de ALFENAS gerado
2026-06-09 13:16:04,423 - INFO - * Finalizado processamento da regional ALFENAS
2026-06-09 13:16:04,424 - INFO - * Iniciando processamento da regional ALMENARA
2026-06-09 13:16:04,424 - INFO - ** Obtendo TODAS remessas de ALMENARA
2026-06-09 13:16:04,424 - INFO - **TODAS remessas de ALMENARA obtidas
2026-06-09 13:16:04,424 - INFO - ** Obtendo remessas EM REVISAO de ALMENARA
2026-06-09 13:16:04,425 - INFO - ** Remessas EM REVISAO de ALMENARA obtidas
2026-06-09 13:16:04,425 - INFO - ** Obtendo remessas LIBERADO PARA PAGAMENTO de ALMENARA
2026-06-09 13:16:04,425 - INFO - ** Remessas LIBERADO PARA PAGAMENTO de ALMENARA obtidas
2026-06-09 13:16:04,425 - INFO - ** Obtendo remessas PAGAMENTO PROCESSADO comVL_PAGAR zerado de ALMENARA
2026-06-09 13:16:04,425 - INFO - ** Remessas PAGAMENTO PROCESSADO com VL_PAGAR zerado de ALMENARA obtidas
2026-06-09 13:16:04,426 - INFO - ** Gerando .xlsx das remessas de ALMENARA
2026-06-09 13:16:04,453 - INFO - ** .xlsx das remessas de ALMENARA gerado
2026-06-09 13:16:04,453 - INFO - * Finalizado processamento da regional ALMENARA
2026-06-09 13:16:04,454 - INFO - * Iniciando processamento da regional ARAXA
2026-06-09 13:16:04,454 - INFO - ** Obtendo TODAS remessas de ARAXA
2026-06-09 13:16:04,454 - INFO - **TODAS remessas de ARAXA obtidas
2026-06-09 13:16:04,455 - INFO - ** Obtendo remessas EM REVISAO de ARAXA
2026-06-09 13:16:04,455 - INFO - ** Remessas EM REVISAO de ARAXA obtidas
2026-06-09 13:16:04,455 - INFO - ** Obtendo remessas LIBERADO PARA PAGAMENTO de ARAXA
2026-06-09 13:16:04,455 - INFO - ** Remessas LIBERADO PARA PAGAMENTO de ARAXA obtidas
2026-06-09 13:16:04,455 - INFO - ** Obtendo remessas PAGAMENTO PROCESSADO comVL_PAGAR zerado de ARAXA
2026-06-09 13:16:04,456 - INFO - ** Remessas PAGAMENTO PROCESSADO com VL_PAGAR zerado de ARAXA obtidas
2026-06-09 13:16:04,456 - INFO - ** Gerando .xlsx das remessas de ARAXA
2026-06-09 13:16:04,487 - INFO - ** .xlsx das remessas de ARAXA gerado
2026-06-09 13:16:04,487 - INFO - * Finalizado processamento da regional ARAXA
2026-06-09 13:16:04,487 - INFO - * Iniciando processamento da regional BARBACENA
2026-06-09 13:16:04,487 - INFO - ** Obtendo TODAS remessas de BARBACENA
2026-06-09 13:16:04,488 - INFO - **TODAS remessas de BARBACENA obtidas
2026-06-09 13:16:04,488 - INFO - ** Obtendo remessas EM REVISAO de BARBACENA
2026-06-09 13:16:04,488 - INFO - ** Remessas EM REVISAO de BARBACENA obtidas
2026-06-09 13:16:04,489 - INFO - ** Obtendo remessas LIBERADO PARA PAGAMENTO de BARBACENA
2026-06-09 13:16:04,489 - INFO - ** Remessas LIBERADO PARA PAGAMENTO de BARBACENA obtidas
2026-06-09 13:16:04,489 - INFO - ** Obtendo remessas PAGAMENTO PROCESSADO comVL_PAGAR zerado de BARBACENA
2026-06-09 13:16:04,489 - INFO - ** Remessas PAGAMENTO PROCESSADO com VL_PAGAR zerado de BARBACENA obtidas
2026-06-09 13:16:04,490 - INFO - ** Gerando .xlsx das remessas de BARBACENA
2026-06-09 13:16:04,521 - INFO - ** .xlsx das remessas de BARBACENA gerado
2026-06-09 13:16:04,521 - INFO - * Finalizado processamento da regional BARBACENA
2026-06-09 13:16:04,521 - INFO - * Iniciando processamento da regional BELO HORIZONTE
2026-06-09 13:16:04,521 - INFO - ** Obtendo TODAS remessas de BELO HORIZONTE
2026-06-09 13:16:04,522 - INFO - **TODAS remessas de BELO HORIZONTE obtidas
2026-06-09 13:16:04,522 - INFO - ** Obtendo remessas EM REVISAO de BELO HORIZONTE
2026-06-09 13:16:04,522 - INFO - ** Remessas EM REVISAO de BELO HORIZONTE obtidas
2026-06-09 13:16:04,522 - INFO - ** Obtendo remessas LIBERADO PARA PAGAMENTO de BELO HORIZONTE
2026-06-09 13:16:04,523 - INFO - ** Remessas LIBERADO PARA PAGAMENTO de BELO HORIZONTE obtidas
2026-06-09 13:16:04,523 - INFO - ** Obtendo remessas PAGAMENTO PROCESSADO comVL_PAGAR zerado de BELO HORIZONTE
2026-06-09 13:16:04,523 - INFO - ** Remessas PAGAMENTO PROCESSADO com VL_PAGAR zerado de BELO HORIZONTE obtidas
2026-06-09 13:16:04,523 - INFO - ** Gerando .xlsx das remessas de BELO HORIZONTE
2026-06-09 13:16:04,555 - INFO - ** .xlsx das remessas de BELO HORIZONTE gerado
2026-06-09 13:16:04,555 - INFO - * Finalizado processamento da regional BELO HORIZONTE
2026-06-09 13:16:04,555 - INFO - * Iniciando processamento da regional BOM DESPACHO
2026-06-09 13:16:04,555 - INFO - ** Obtendo TODAS remessas de BOM DESPACHO
2026-06-09 13:16:04,556 - INFO - **TODAS remessas de BOM DESPACHO obtidas
2026-06-09 13:16:04,556 - INFO - ** Obtendo remessas EM REVISAO de BOM DESPACHO
2026-06-09 13:16:04,556 - INFO - ** Remessas EM REVISAO de BOM DESPACHO obtidas
2026-06-09 13:16:04,556 - INFO - ** Obtendo remessas LIBERADO PARA PAGAMENTO de BOM DESPACHO
2026-06-09 13:16:04,557 - INFO - ** Remessas LIBERADO PARA PAGAMENTO de BOM DESPACHO obtidas
2026-06-09 13:16:04,557 - INFO - ** Obtendo remessas PAGAMENTO PROCESSADO comVL_PAGAR zerado de BOM DESPACHO
2026-06-09 13:16:04,557 - INFO - ** Remessas PAGAMENTO PROCESSADO com VL_PAGAR zerado de BOM DESPACHO obtidas
2026-06-09 13:16:04,557 - INFO - ** Gerando .xlsx das remessas de BOM DESPACHO
2026-06-09 13:16:04,590 - INFO - ** .xlsx das remessas de BOM DESPACHO gerado
2026-06-09 13:16:04,590 - INFO - * Finalizado processamento da regional BOM DESPACHO
2026-06-09 13:16:04,590 - INFO - * Iniciando processamento da regional BRASILIA DE  MINAS
2026-06-09 13:16:04,590 - INFO - ** Obtendo TODAS remessas de BRASILIA DE  MINAS
2026-06-09 13:16:04,591 - INFO - **TODAS remessas de BRASILIA DE  MINAS obtidas
2026-06-09 13:16:04,591 - INFO - ** Obtendo remessas EM REVISAO de BRASILIA DE  MINAS
2026-06-09 13:16:04,591 - INFO - ** Remessas EM REVISAO de BRASILIA DE  MINAS obtidas
2026-06-09 13:16:04,592 - INFO - ** Obtendo remessas LIBERADO PARA PAGAMENTO de BRASILIA DE  MINAS
2026-06-09 13:16:04,592 - INFO - ** Remessas LIBERADO PARA PAGAMENTO de BRASILIA DE  MINAS obtidas
2026-06-09 13:16:04,592 - INFO - ** Obtendo remessas PAGAMENTO PROCESSADO comVL_PAGAR zerado de BRASILIA DE  MINAS
2026-06-09 13:16:04,592 - INFO - ** Remessas PAGAMENTO PROCESSADO com VL_PAGAR zerado de BRASILIA DE  MINAS obtidas
2026-06-09 13:16:04,593 - INFO - ** Gerando .xlsx das remessas de BRASILIA DE  MINAS
2026-06-09 13:16:04,623 - INFO - ** .xlsx das remessas de BRASILIA DE  MINAS gerado
2026-06-09 13:16:04,623 - INFO - * Finalizado processamento da regional BRASILIA DE  MINAS
2026-06-09 13:16:04,624 - INFO - * Iniciando processamento da regional CONSELHEIRO LAFAIETE
2026-06-09 13:16:04,624 - INFO - ** Obtendo TODAS remessas de CONSELHEIRO LAFAIETE
2026-06-09 13:16:04,624 - INFO - **TODAS remessas de CONSELHEIRO LAFAIETE obtidas
2026-06-09 13:16:04,624 - INFO - ** Obtendo remessas EM REVISAO de CONSELHEIRO LAFAIETE
2026-06-09 13:16:04,625 - INFO - ** Remessas EM REVISAO de CONSELHEIRO LAFAIETE obtidas
2026-06-09 13:16:04,625 - INFO - ** Obtendo remessas LIBERADO PARA PAGAMENTO de CONSELHEIRO LAFAIETE
2026-06-09 13:16:04,625 - INFO - ** Remessas LIBERADO PARA PAGAMENTO de CONSELHEIRO LAFAIETE obtidas
2026-06-09 13:16:04,625 - INFO - ** Obtendo remessas PAGAMENTO PROCESSADO comVL_PAGAR zerado de CONSELHEIRO LAFAIETE
2026-06-09 13:16:04,626 - INFO - ** Remessas PAGAMENTO PROCESSADO com VL_PAGAR zerado de CONSELHEIRO LAFAIETE obtidas
2026-06-09 13:16:04,626 - INFO - ** Gerando .xlsx das remessas de CONSELHEIRO LAFAIETE
2026-06-09 13:16:04,657 - INFO - ** .xlsx das remessas de CONSELHEIRO LAFAIETE gerado
2026-06-09 13:16:04,657 - INFO - * Finalizado processamento da regional CONSELHEIRO LAFAIETE
2026-06-09 13:16:04,658 - INFO - * Iniciando processamento da regional CONTAGEM
2026-06-09 13:16:04,658 - INFO - ** Obtendo TODAS remessas de CONTAGEM
2026-06-09 13:16:04,658 - INFO - **TODAS remessas de CONTAGEM obtidas
2026-06-09 13:16:04,659 - INFO - ** Obtendo remessas EM REVISAO de CONTAGEM
2026-06-09 13:16:04,659 - INFO - ** Remessas EM REVISAO de CONTAGEM obtidas
2026-06-09 13:16:04,659 - INFO - ** Obtendo remessas LIBERADO PARA PAGAMENTO de CONTAGEM
2026-06-09 13:16:04,659 - INFO - ** Remessas LIBERADO PARA PAGAMENTO de CONTAGEM obtidas
2026-06-09 13:16:04,660 - INFO - ** Obtendo remessas PAGAMENTO PROCESSADO comVL_PAGAR zerado de CONTAGEM
2026-06-09 13:16:04,660 - INFO - ** Remessas PAGAMENTO PROCESSADO com VL_PAGAR zerado de CONTAGEM obtidas
2026-06-09 13:16:04,660 - INFO - ** Gerando .xlsx das remessas de CONTAGEM
2026-06-09 13:16:04,690 - INFO - ** .xlsx das remessas de CONTAGEM gerado
2026-06-09 13:16:04,690 - INFO - * Finalizado processamento da regional CONTAGEM
2026-06-09 13:16:04,690 - INFO - * Iniciando processamento da regional CORONEL FABRICIANO
2026-06-09 13:16:04,690 - INFO - ** Obtendo TODAS remessas de CORONEL FABRICIANO
2026-06-09 13:16:04,691 - INFO - **TODAS remessas de CORONEL FABRICIANO obtidas
2026-06-09 13:16:04,691 - INFO - ** Obtendo remessas EM REVISAO de CORONEL FABRICIANO
2026-06-09 13:16:04,691 - INFO - ** Remessas EM REVISAO de CORONEL FABRICIANO obtidas
2026-06-09 13:16:04,691 - INFO - ** Obtendo remessas LIBERADO PARA PAGAMENTO de CORONEL FABRICIANO
2026-06-09 13:16:04,692 - INFO - ** Remessas LIBERADO PARA PAGAMENTO de CORONEL FABRICIANO obtidas
2026-06-09 13:16:04,692 - INFO - ** Obtendo remessas PAGAMENTO PROCESSADO comVL_PAGAR zerado de CORONEL FABRICIANO
2026-06-09 13:16:04,692 - INFO - ** Remessas PAGAMENTO PROCESSADO com VL_PAGAR zerado de CORONEL FABRICIANO obtidas
2026-06-09 13:16:04,692 - INFO - ** Gerando .xlsx das remessas de CORONEL FABRICIANO
2026-06-09 13:16:04,723 - INFO - ** .xlsx das remessas de CORONEL FABRICIANO gerado
2026-06-09 13:16:04,723 - INFO - * Finalizado processamento da regional CORONEL FABRICIANO
2026-06-09 13:16:04,723 - INFO - * Iniciando processamento da regional CURVELO
2026-06-09 13:16:04,723 - INFO - ** Obtendo TODAS remessas de CURVELO
2026-06-09 13:16:04,724 - INFO - **TODAS remessas de CURVELO obtidas
2026-06-09 13:16:04,724 - INFO - ** Obtendo remessas EM REVISAO de CURVELO
2026-06-09 13:16:04,724 - INFO - ** Remessas EM REVISAO de CURVELO obtidas
2026-06-09 13:16:04,725 - INFO - ** Obtendo remessas LIBERADO PARA PAGAMENTO de CURVELO
2026-06-09 13:16:04,725 - INFO - ** Remessas LIBERADO PARA PAGAMENTO de CURVELO obtidas
2026-06-09 13:16:04,725 - INFO - ** Obtendo remessas PAGAMENTO PROCESSADO comVL_PAGAR zerado de CURVELO
2026-06-09 13:16:04,725 - INFO - ** Remessas PAGAMENTO PROCESSADO com VL_PAGAR zerado de CURVELO obtidas
2026-06-09 13:16:04,726 - INFO - ** Gerando .xlsx das remessas de CURVELO
2026-06-09 13:16:04,758 - INFO - ** .xlsx das remessas de CURVELO gerado
2026-06-09 13:16:04,758 - INFO - * Finalizado processamento da regional CURVELO
2026-06-09 13:16:04,758 - INFO - * Iniciando processamento da regional DIAMANTINA
2026-06-09 13:16:04,758 - INFO - ** Obtendo TODAS remessas de DIAMANTINA
2026-06-09 13:16:04,759 - INFO - **TODAS remessas de DIAMANTINA obtidas
2026-06-09 13:16:04,759 - INFO - ** Obtendo remessas EM REVISAO de DIAMANTINA
2026-06-09 13:16:04,759 - INFO - ** Remessas EM REVISAO de DIAMANTINA obtidas
2026-06-09 13:16:04,760 - INFO - ** Obtendo remessas LIBERADO PARA PAGAMENTO de DIAMANTINA
2026-06-09 13:16:04,760 - INFO - ** Remessas LIBERADO PARA PAGAMENTO de DIAMANTINA obtidas
2026-06-09 13:16:04,760 - INFO - ** Obtendo remessas PAGAMENTO PROCESSADO comVL_PAGAR zerado de DIAMANTINA
2026-06-09 13:16:04,760 - INFO - ** Remessas PAGAMENTO PROCESSADO com VL_PAGAR zerado de DIAMANTINA obtidas
2026-06-09 13:16:04,761 - INFO - ** Gerando .xlsx das remessas de DIAMANTINA
2026-06-09 13:16:04,793 - INFO - ** .xlsx das remessas de DIAMANTINA gerado
2026-06-09 13:16:04,793 - INFO - * Finalizado processamento da regional DIAMANTINA
2026-06-09 13:16:04,793 - INFO - * Iniciando processamento da regional DIVINÓPOLIS
2026-06-09 13:16:04,793 - INFO - ** Obtendo TODAS remessas de DIVINÓPOLIS
2026-06-09 13:16:04,794 - INFO - **TODAS remessas de DIVINÓPOLIS obtidas
2026-06-09 13:16:04,794 - INFO - ** Obtendo remessas EM REVISAO de DIVINÓPOLIS
2026-06-09 13:16:04,794 - INFO - ** Remessas EM REVISAO de DIVINÓPOLIS obtidas
2026-06-09 13:16:04,795 - INFO - ** Obtendo remessas LIBERADO PARA PAGAMENTO de DIVINÓPOLIS
2026-06-09 13:16:04,795 - INFO - ** Remessas LIBERADO PARA PAGAMENTO de DIVINÓPOLIS obtidas
2026-06-09 13:16:04,795 - INFO - ** Obtendo remessas PAGAMENTO PROCESSADO comVL_PAGAR zerado de DIVINÓPOLIS
2026-06-09 13:16:04,795 - INFO - ** Remessas PAGAMENTO PROCESSADO com VL_PAGAR zerado de DIVINÓPOLIS obtidas
2026-06-09 13:16:04,796 - INFO - ** Gerando .xlsx das remessas de DIVINÓPOLIS
2026-06-09 13:16:04,826 - INFO - ** .xlsx das remessas de DIVINÓPOLIS gerado
2026-06-09 13:16:04,826 - INFO - * Finalizado processamento da regional DIVINÓPOLIS
2026-06-09 13:16:04,826 - INFO - * Iniciando processamento da regional GOVERNADOR VALADARES
2026-06-09 13:16:04,826 - INFO - ** Obtendo TODAS remessas de GOVERNADOR VALADARES
2026-06-09 13:16:04,827 - INFO - **TODAS remessas de GOVERNADOR VALADARES obtidas
2026-06-09 13:16:04,827 - INFO - ** Obtendo remessas EM REVISAO de GOVERNADOR VALADARES
2026-06-09 13:16:04,828 - INFO - ** Remessas EM REVISAO de GOVERNADOR VALADARES obtidas
2026-06-09 13:16:04,828 - INFO - ** Obtendo remessas LIBERADO PARA PAGAMENTO de GOVERNADOR VALADARES
2026-06-09 13:16:04,828 - INFO - ** Remessas LIBERADO PARA PAGAMENTO de GOVERNADOR VALADARES obtidas
2026-06-09 13:16:04,828 - INFO - ** Obtendo remessas PAGAMENTO PROCESSADO comVL_PAGAR zerado de GOVERNADOR VALADARES
2026-06-09 13:16:04,829 - INFO - ** Remessas PAGAMENTO PROCESSADO com VL_PAGAR zerado de GOVERNADOR VALADARES obtidas
2026-06-09 13:16:04,829 - INFO - ** Gerando .xlsx das remessas de GOVERNADOR VALADARES
2026-06-09 13:16:04,858 - INFO - ** .xlsx das remessas de GOVERNADOR VALADARES gerado
2026-06-09 13:16:04,859 - INFO - * Finalizado processamento da regional GOVERNADOR VALADARES
2026-06-09 13:16:04,859 - INFO - * Iniciando processamento da regional ITABIRA
2026-06-09 13:16:04,859 - INFO - ** Obtendo TODAS remessas de ITABIRA
2026-06-09 13:16:04,860 - INFO - **TODAS remessas de ITABIRA obtidas
2026-06-09 13:16:04,860 - INFO - ** Obtendo remessas EM REVISAO de ITABIRA
2026-06-09 13:16:04,860 - INFO - ** Remessas EM REVISAO de ITABIRA obtidas
2026-06-09 13:16:04,860 - INFO - ** Obtendo remessas LIBERADO PARA PAGAMENTO de ITABIRA
2026-06-09 13:16:04,861 - INFO - ** Remessas LIBERADO PARA PAGAMENTO de ITABIRA obtidas
2026-06-09 13:16:04,861 - INFO - ** Obtendo remessas PAGAMENTO PROCESSADO comVL_PAGAR zerado de ITABIRA
2026-06-09 13:16:04,861 - INFO - ** Remessas PAGAMENTO PROCESSADO com VL_PAGAR zerado de ITABIRA obtidas
2026-06-09 13:16:04,861 - INFO - ** Gerando .xlsx das remessas de ITABIRA
2026-06-09 13:16:04,891 - INFO - ** .xlsx das remessas de ITABIRA gerado
2026-06-09 13:16:04,891 - INFO - * Finalizado processamento da regional ITABIRA
2026-06-09 13:16:04,892 - INFO - * Iniciando processamento da regional ITAÚNA
2026-06-09 13:16:04,892 - INFO - ** Obtendo TODAS remessas de ITAÚNA
2026-06-09 13:16:04,892 - INFO - **TODAS remessas de ITAÚNA obtidas
2026-06-09 13:16:04,893 - INFO - ** Obtendo remessas EM REVISAO de ITAÚNA
2026-06-09 13:16:04,893 - INFO - ** Remessas EM REVISAO de ITAÚNA obtidas
2026-06-09 13:16:04,893 - INFO - ** Obtendo remessas LIBERADO PARA PAGAMENTO de ITAÚNA
2026-06-09 13:16:04,893 - INFO - ** Remessas LIBERADO PARA PAGAMENTO de ITAÚNA obtidas
2026-06-09 13:16:04,894 - INFO - ** Obtendo remessas PAGAMENTO PROCESSADO comVL_PAGAR zerado de ITAÚNA
2026-06-09 13:16:04,894 - INFO - ** Remessas PAGAMENTO PROCESSADO com VL_PAGAR zerado de ITAÚNA obtidas
2026-06-09 13:16:04,894 - INFO - ** Gerando .xlsx das remessas de ITAÚNA
2026-06-09 13:16:04,924 - INFO - ** .xlsx das remessas de ITAÚNA gerado
2026-06-09 13:16:04,925 - INFO - * Finalizado processamento da regional ITAÚNA
2026-06-09 13:16:04,925 - INFO - * Iniciando processamento da regional ITUIUTABA
2026-06-09 13:16:04,925 - INFO - ** Obtendo TODAS remessas de ITUIUTABA
2026-06-09 13:16:04,926 - INFO - **TODAS remessas de ITUIUTABA obtidas
2026-06-09 13:16:04,926 - INFO - ** Obtendo remessas EM REVISAO de ITUIUTABA
2026-06-09 13:16:04,926 - INFO - ** Remessas EM REVISAO de ITUIUTABA obtidas
2026-06-09 13:16:04,926 - INFO - ** Obtendo remessas LIBERADO PARA PAGAMENTO de ITUIUTABA
2026-06-09 13:16:04,927 - INFO - ** Remessas LIBERADO PARA PAGAMENTO de ITUIUTABA obtidas
2026-06-09 13:16:04,927 - INFO - ** Obtendo remessas PAGAMENTO PROCESSADO comVL_PAGAR zerado de ITUIUTABA
2026-06-09 13:16:04,927 - INFO - ** Remessas PAGAMENTO PROCESSADO com VL_PAGAR zerado de ITUIUTABA obtidas
2026-06-09 13:16:04,927 - INFO - ** Gerando .xlsx das remessas de ITUIUTABA
2026-06-09 13:16:04,970 - INFO - ** .xlsx das remessas de ITUIUTABA gerado
2026-06-09 13:16:04,970 - INFO - * Finalizado processamento da regional ITUIUTABA
2026-06-09 13:16:04,970 - INFO - * Iniciando processamento da regional JUIZ DE FORA
2026-06-09 13:16:04,970 - INFO - ** Obtendo TODAS remessas de JUIZ DE FORA
2026-06-09 13:16:04,971 - INFO - **TODAS remessas de JUIZ DE FORA obtidas
2026-06-09 13:16:04,971 - INFO - ** Obtendo remessas EM REVISAO de JUIZ DE FORA
2026-06-09 13:16:04,971 - INFO - ** Remessas EM REVISAO de JUIZ DE FORA obtidas
2026-06-09 13:16:04,971 - INFO - ** Obtendo remessas LIBERADO PARA PAGAMENTO de JUIZ DE FORA
2026-06-09 13:16:04,972 - INFO - ** Remessas LIBERADO PARA PAGAMENTO de JUIZ DE FORA obtidas
2026-06-09 13:16:04,972 - INFO - ** Obtendo remessas PAGAMENTO PROCESSADO comVL_PAGAR zerado de JUIZ DE FORA
2026-06-09 13:16:04,972 - INFO - ** Remessas PAGAMENTO PROCESSADO com VL_PAGAR zerado de JUIZ DE FORA obtidas
2026-06-09 13:16:04,972 - INFO - ** Gerando .xlsx das remessas de JUIZ DE FORA
2026-06-09 13:16:05,002 - INFO - ** .xlsx das remessas de JUIZ DE FORA gerado
2026-06-09 13:16:05,002 - INFO - * Finalizado processamento da regional JUIZ DE FORA
2026-06-09 13:16:05,003 - INFO - * Iniciando processamento da regional LAVRAS
2026-06-09 13:16:05,003 - INFO - ** Obtendo TODAS remessas de LAVRAS
2026-06-09 13:16:05,003 - INFO - **TODAS remessas de LAVRAS obtidas
2026-06-09 13:16:05,003 - INFO - ** Obtendo remessas EM REVISAO de LAVRAS
2026-06-09 13:16:05,004 - INFO - ** Remessas EM REVISAO de LAVRAS obtidas
2026-06-09 13:16:05,004 - INFO - ** Obtendo remessas LIBERADO PARA PAGAMENTO de LAVRAS
2026-06-09 13:16:05,004 - INFO - ** Remessas LIBERADO PARA PAGAMENTO de LAVRAS obtidas
2026-06-09 13:16:05,004 - INFO - ** Obtendo remessas PAGAMENTO PROCESSADO comVL_PAGAR zerado de LAVRAS
2026-06-09 13:16:05,005 - INFO - ** Remessas PAGAMENTO PROCESSADO com VL_PAGAR zerado de LAVRAS obtidas
2026-06-09 13:16:05,005 - INFO - ** Gerando .xlsx das remessas de LAVRAS
2026-06-09 13:16:05,035 - INFO - ** .xlsx das remessas de LAVRAS gerado
2026-06-09 13:16:05,035 - INFO - * Finalizado processamento da regional LAVRAS
2026-06-09 13:16:05,035 - INFO - * Iniciando processamento da regional MANHUAÇU
2026-06-09 13:16:05,035 - INFO - ** Obtendo TODAS remessas de MANHUAÇU
2026-06-09 13:16:05,036 - INFO - **TODAS remessas de MANHUAÇU obtidas
2026-06-09 13:16:05,036 - INFO - ** Obtendo remessas EM REVISAO de MANHUAÇU
2026-06-09 13:16:05,037 - INFO - ** Remessas EM REVISAO de MANHUAÇU obtidas
2026-06-09 13:16:05,037 - INFO - ** Obtendo remessas LIBERADO PARA PAGAMENTO de MANHUAÇU
2026-06-09 13:16:05,037 - INFO - ** Remessas LIBERADO PARA PAGAMENTO de MANHUAÇU obtidas
2026-06-09 13:16:05,037 - INFO - ** Obtendo remessas PAGAMENTO PROCESSADO comVL_PAGAR zerado de MANHUAÇU
2026-06-09 13:16:05,037 - INFO - ** Remessas PAGAMENTO PROCESSADO com VL_PAGAR zerado de MANHUAÇU obtidas
2026-06-09 13:16:05,038 - INFO - ** Gerando .xlsx das remessas de MANHUAÇU
2026-06-09 13:16:05,067 - INFO - ** .xlsx das remessas de MANHUAÇU gerado
2026-06-09 13:16:05,067 - INFO - * Finalizado processamento da regional MANHUAÇU
2026-06-09 13:16:05,067 - INFO - * Iniciando processamento da regional MONTES CLAROS
2026-06-09 13:16:05,067 - INFO - ** Obtendo TODAS remessas de MONTES CLAROS
2026-06-09 13:16:05,068 - INFO - **TODAS remessas de MONTES CLAROS obtidas
2026-06-09 13:16:05,068 - INFO - ** Obtendo remessas EM REVISAO de MONTES CLAROS
2026-06-09 13:16:05,069 - INFO - ** Remessas EM REVISAO de MONTES CLAROS obtidas
2026-06-09 13:16:05,069 - INFO - ** Obtendo remessas LIBERADO PARA PAGAMENTO de MONTES CLAROS
2026-06-09 13:16:05,069 - INFO - ** Remessas LIBERADO PARA PAGAMENTO de MONTES CLAROS obtidas
2026-06-09 13:16:05,069 - INFO - ** Obtendo remessas PAGAMENTO PROCESSADO comVL_PAGAR zerado de MONTES CLAROS
2026-06-09 13:16:05,070 - INFO - ** Remessas PAGAMENTO PROCESSADO com VL_PAGAR zerado de MONTES CLAROS obtidas
2026-06-09 13:16:05,070 - INFO - ** Gerando .xlsx das remessas de MONTES CLAROS
2026-06-09 13:16:05,099 - INFO - ** .xlsx das remessas de MONTES CLAROS gerado
2026-06-09 13:16:05,099 - INFO - * Finalizado processamento da regional MONTES CLAROS
2026-06-09 13:16:05,100 - INFO - * Iniciando processamento da regional MURIAÉ
2026-06-09 13:16:05,100 - INFO - ** Obtendo TODAS remessas de MURIAÉ
2026-06-09 13:16:05,100 - INFO - **TODAS remessas de MURIAÉ obtidas
2026-06-09 13:16:05,101 - INFO - ** Obtendo remessas EM REVISAO de MURIAÉ
2026-06-09 13:16:05,101 - INFO - ** Remessas EM REVISAO de MURIAÉ obtidas
2026-06-09 13:16:05,101 - INFO - ** Obtendo remessas LIBERADO PARA PAGAMENTO de MURIAÉ
2026-06-09 13:16:05,102 - INFO - ** Remessas LIBERADO PARA PAGAMENTO de MURIAÉ obtidas
2026-06-09 13:16:05,102 - INFO - ** Obtendo remessas PAGAMENTO PROCESSADO comVL_PAGAR zerado de MURIAÉ
2026-06-09 13:16:05,102 - INFO - ** Remessas PAGAMENTO PROCESSADO com VL_PAGAR zerado de MURIAÉ obtidas
2026-06-09 13:16:05,102 - INFO - ** Gerando .xlsx das remessas de MURIAÉ
2026-06-09 13:16:05,132 - INFO - ** .xlsx das remessas de MURIAÉ gerado
2026-06-09 13:16:05,132 - INFO - * Finalizado processamento da regional MURIAÉ
2026-06-09 13:16:05,132 - INFO - * Iniciando processamento da regional OLIVEIRA
2026-06-09 13:16:05,132 - INFO - ** Obtendo TODAS remessas de OLIVEIRA
2026-06-09 13:16:05,133 - INFO - **TODAS remessas de OLIVEIRA obtidas
2026-06-09 13:16:05,133 - INFO - ** Obtendo remessas EM REVISAO de OLIVEIRA
2026-06-09 13:16:05,134 - INFO - ** Remessas EM REVISAO de OLIVEIRA obtidas
2026-06-09 13:16:05,134 - INFO - ** Obtendo remessas LIBERADO PARA PAGAMENTO de OLIVEIRA
2026-06-09 13:16:05,134 - INFO - ** Remessas LIBERADO PARA PAGAMENTO de OLIVEIRA obtidas
2026-06-09 13:16:05,134 - INFO - ** Obtendo remessas PAGAMENTO PROCESSADO comVL_PAGAR zerado de OLIVEIRA
2026-06-09 13:16:05,135 - INFO - ** Remessas PAGAMENTO PROCESSADO com VL_PAGAR zerado de OLIVEIRA obtidas
2026-06-09 13:16:05,135 - INFO - ** Gerando .xlsx das remessas de OLIVEIRA
2026-06-09 13:16:05,168 - INFO - ** .xlsx das remessas de OLIVEIRA gerado
2026-06-09 13:16:05,168 - INFO - * Finalizado processamento da regional OLIVEIRA
2026-06-09 13:16:05,168 - INFO - * Iniciando processamento da regional PARACATU
2026-06-09 13:16:05,169 - INFO - ** Obtendo TODAS remessas de PARACATU
2026-06-09 13:16:05,169 - INFO - **TODAS remessas de PARACATU obtidas
2026-06-09 13:16:05,169 - INFO - ** Obtendo remessas EM REVISAO de PARACATU
2026-06-09 13:16:05,170 - INFO - ** Remessas EM REVISAO de PARACATU obtidas
2026-06-09 13:16:05,170 - INFO - ** Obtendo remessas LIBERADO PARA PAGAMENTO de PARACATU
2026-06-09 13:16:05,170 - INFO - ** Remessas LIBERADO PARA PAGAMENTO de PARACATU obtidas
2026-06-09 13:16:05,170 - INFO - ** Obtendo remessas PAGAMENTO PROCESSADO comVL_PAGAR zerado de PARACATU
2026-06-09 13:16:05,171 - INFO - ** Remessas PAGAMENTO PROCESSADO com VL_PAGAR zerado de PARACATU obtidas
2026-06-09 13:16:05,171 - INFO - ** Gerando .xlsx das remessas de PARACATU
2026-06-09 13:16:05,206 - INFO - ** .xlsx das remessas de PARACATU gerado
2026-06-09 13:16:05,206 - INFO - * Finalizado processamento da regional PARACATU
2026-06-09 13:16:05,206 - INFO - * Iniciando processamento da regional PASSOS
2026-06-09 13:16:05,206 - INFO - ** Obtendo TODAS remessas de PASSOS
2026-06-09 13:16:05,207 - INFO - **TODAS remessas de PASSOS obtidas
2026-06-09 13:16:05,207 - INFO - ** Obtendo remessas EM REVISAO de PASSOS
2026-06-09 13:16:05,207 - INFO - ** Remessas EM REVISAO de PASSOS obtidas
2026-06-09 13:16:05,207 - INFO - ** Obtendo remessas LIBERADO PARA PAGAMENTO de PASSOS
2026-06-09 13:16:05,208 - INFO - ** Remessas LIBERADO PARA PAGAMENTO de PASSOS obtidas
2026-06-09 13:16:05,208 - INFO - ** Obtendo remessas PAGAMENTO PROCESSADO comVL_PAGAR zerado de PASSOS
2026-06-09 13:16:05,208 - INFO - ** Remessas PAGAMENTO PROCESSADO com VL_PAGAR zerado de PASSOS obtidas
2026-06-09 13:16:05,208 - INFO - ** Gerando .xlsx das remessas de PASSOS
2026-06-09 13:16:05,239 - INFO - ** .xlsx das remessas de PASSOS gerado
2026-06-09 13:16:05,239 - INFO - * Finalizado processamento da regional PASSOS
2026-06-09 13:16:05,240 - INFO - * Iniciando processamento da regional PATOS DE MINAS
2026-06-09 13:16:05,240 - INFO - ** Obtendo TODAS remessas de PATOS DE MINAS
2026-06-09 13:16:05,240 - INFO - **TODAS remessas de PATOS DE MINAS obtidas
2026-06-09 13:16:05,241 - INFO - ** Obtendo remessas EM REVISAO de PATOS DE MINAS
2026-06-09 13:16:05,241 - INFO - ** Remessas EM REVISAO de PATOS DE MINAS obtidas
2026-06-09 13:16:05,241 - INFO - ** Obtendo remessas LIBERADO PARA PAGAMENTO de PATOS DE MINAS
2026-06-09 13:16:05,241 - INFO - ** Remessas LIBERADO PARA PAGAMENTO de PATOS DE MINAS obtidas
2026-06-09 13:16:05,241 - INFO - ** Obtendo remessas PAGAMENTO PROCESSADO comVL_PAGAR zerado de PATOS DE MINAS
2026-06-09 13:16:05,242 - INFO - ** Remessas PAGAMENTO PROCESSADO com VL_PAGAR zerado de PATOS DE MINAS obtidas
2026-06-09 13:16:05,242 - INFO - ** Gerando .xlsx das remessas de PATOS DE MINAS
2026-06-09 13:16:05,271 - INFO - ** .xlsx das remessas de PATOS DE MINAS gerado
2026-06-09 13:16:05,271 - INFO - * Finalizado processamento da regional PATOS DE MINAS
2026-06-09 13:16:05,271 - INFO - * Iniciando processamento da regional PEDRO LEOPOLDO
2026-06-09 13:16:05,272 - INFO - ** Obtendo TODAS remessas de PEDRO LEOPOLDO
2026-06-09 13:16:05,272 - INFO - **TODAS remessas de PEDRO LEOPOLDO obtidas
2026-06-09 13:16:05,272 - INFO - ** Obtendo remessas EM REVISAO de PEDRO LEOPOLDO
2026-06-09 13:16:05,273 - INFO - ** Remessas EM REVISAO de PEDRO LEOPOLDO obtidas
2026-06-09 13:16:05,273 - INFO - ** Obtendo remessas LIBERADO PARA PAGAMENTO de PEDRO LEOPOLDO
2026-06-09 13:16:05,273 - INFO - ** Remessas LIBERADO PARA PAGAMENTO de PEDRO LEOPOLDO obtidas
2026-06-09 13:16:05,273 - INFO - ** Obtendo remessas PAGAMENTO PROCESSADO comVL_PAGAR zerado de PEDRO LEOPOLDO
2026-06-09 13:16:05,274 - INFO - ** Remessas PAGAMENTO PROCESSADO com VL_PAGAR zerado de PEDRO LEOPOLDO obtidas
2026-06-09 13:16:05,274 - INFO - ** Gerando .xlsx das remessas de PEDRO LEOPOLDO
2026-06-09 13:16:05,304 - INFO - ** .xlsx das remessas de PEDRO LEOPOLDO gerado
2026-06-09 13:16:05,304 - INFO - * Finalizado processamento da regional PEDRO LEOPOLDO
2026-06-09 13:16:05,304 - INFO - * Iniciando processamento da regional POÇOS DE CALDAS
2026-06-09 13:16:05,304 - INFO - ** Obtendo TODAS remessas de POÇOS DE CALDAS
2026-06-09 13:16:05,305 - INFO - **TODAS remessas de POÇOS DE CALDAS obtidas
2026-06-09 13:16:05,305 - INFO - ** Obtendo remessas EM REVISAO de POÇOS DE CALDAS
2026-06-09 13:16:05,305 - INFO - ** Remessas EM REVISAO de POÇOS DE CALDAS obtidas
2026-06-09 13:16:05,306 - INFO - ** Obtendo remessas LIBERADO PARA PAGAMENTO de POÇOS DE CALDAS
2026-06-09 13:16:05,306 - INFO - ** Remessas LIBERADO PARA PAGAMENTO de POÇOS DE CALDAS obtidas
2026-06-09 13:16:05,306 - INFO - ** Obtendo remessas PAGAMENTO PROCESSADO comVL_PAGAR zerado de POÇOS DE CALDAS
2026-06-09 13:16:05,306 - INFO - ** Remessas PAGAMENTO PROCESSADO com VL_PAGAR zerado de POÇOS DE CALDAS obtidas
2026-06-09 13:16:05,307 - INFO - ** Gerando .xlsx das remessas de POÇOS DE CALDAS
2026-06-09 13:16:05,335 - INFO - ** .xlsx das remessas de POÇOS DE CALDAS gerado
2026-06-09 13:16:05,335 - INFO - * Finalizado processamento da regional POÇOS DE CALDAS
2026-06-09 13:16:05,336 - INFO - * Iniciando processamento da regional PONTE NOVA
2026-06-09 13:16:05,336 - INFO - ** Obtendo TODAS remessas de PONTE NOVA
2026-06-09 13:16:05,336 - INFO - **TODAS remessas de PONTE NOVA obtidas
2026-06-09 13:16:05,336 - INFO - ** Obtendo remessas EM REVISAO de PONTE NOVA
2026-06-09 13:16:05,337 - INFO - ** Remessas EM REVISAO de PONTE NOVA obtidas
2026-06-09 13:16:05,337 - INFO - ** Obtendo remessas LIBERADO PARA PAGAMENTO de PONTE NOVA
2026-06-09 13:16:05,337 - INFO - ** Remessas LIBERADO PARA PAGAMENTO de PONTE NOVA obtidas
2026-06-09 13:16:05,337 - INFO - ** Obtendo remessas PAGAMENTO PROCESSADO comVL_PAGAR zerado de PONTE NOVA
2026-06-09 13:16:05,338 - INFO - ** Remessas PAGAMENTO PROCESSADO com VL_PAGAR zerado de PONTE NOVA obtidas
2026-06-09 13:16:05,338 - INFO - ** Gerando .xlsx das remessas de PONTE NOVA
2026-06-09 13:16:05,367 - INFO - ** .xlsx das remessas de PONTE NOVA gerado
2026-06-09 13:16:05,368 - INFO - * Finalizado processamento da regional PONTE NOVA
2026-06-09 13:16:05,368 - INFO - * Iniciando processamento da regional POUSO ALEGRE
2026-06-09 13:16:05,368 - INFO - ** Obtendo TODAS remessas de POUSO ALEGRE
2026-06-09 13:16:05,369 - INFO - **TODAS remessas de POUSO ALEGRE obtidas
2026-06-09 13:16:05,369 - INFO - ** Obtendo remessas EM REVISAO de POUSO ALEGRE
2026-06-09 13:16:05,369 - INFO - ** Remessas EM REVISAO de POUSO ALEGRE obtidas
2026-06-09 13:16:05,370 - INFO - ** Obtendo remessas LIBERADO PARA PAGAMENTO de POUSO ALEGRE
2026-06-09 13:16:05,370 - INFO - ** Remessas LIBERADO PARA PAGAMENTO de POUSO ALEGRE obtidas
2026-06-09 13:16:05,370 - INFO - ** Obtendo remessas PAGAMENTO PROCESSADO comVL_PAGAR zerado de POUSO ALEGRE
2026-06-09 13:16:05,370 - INFO - ** Remessas PAGAMENTO PROCESSADO com VL_PAGAR zerado de POUSO ALEGRE obtidas
2026-06-09 13:16:05,371 - INFO - ** Gerando .xlsx das remessas de POUSO ALEGRE
2026-06-09 13:16:05,400 - INFO - ** .xlsx das remessas de POUSO ALEGRE gerado
2026-06-09 13:16:05,401 - INFO - * Finalizado processamento da regional POUSO ALEGRE
2026-06-09 13:16:05,401 - INFO - * Iniciando processamento da regional SALINAS
2026-06-09 13:16:05,401 - INFO - ** Obtendo TODAS remessas de SALINAS
2026-06-09 13:16:05,402 - INFO - **TODAS remessas de SALINAS obtidas
2026-06-09 13:16:05,402 - INFO - ** Obtendo remessas EM REVISAO de SALINAS
2026-06-09 13:16:05,402 - INFO - ** Remessas EM REVISAO de SALINAS obtidas
2026-06-09 13:16:05,402 - INFO - ** Obtendo remessas LIBERADO PARA PAGAMENTO de SALINAS
2026-06-09 13:16:05,403 - INFO - ** Remessas LIBERADO PARA PAGAMENTO de SALINAS obtidas
2026-06-09 13:16:05,403 - INFO - ** Obtendo remessas PAGAMENTO PROCESSADO comVL_PAGAR zerado de SALINAS
2026-06-09 13:16:05,403 - INFO - ** Remessas PAGAMENTO PROCESSADO com VL_PAGAR zerado de SALINAS obtidas
2026-06-09 13:16:05,403 - INFO - ** Gerando .xlsx das remessas de SALINAS
2026-06-09 13:16:05,435 - INFO - ** .xlsx das remessas de SALINAS gerado
2026-06-09 13:16:05,435 - INFO - * Finalizado processamento da regional SALINAS
2026-06-09 13:16:05,435 - INFO - * Iniciando processamento da regional SAO JOAO DEL REI
2026-06-09 13:16:05,435 - INFO - ** Obtendo TODAS remessas de SAO JOAO DEL REI
2026-06-09 13:16:05,436 - INFO - **TODAS remessas de SAO JOAO DEL REI obtidas
2026-06-09 13:16:05,436 - INFO - ** Obtendo remessas EM REVISAO de SAO JOAO DEL REI
2026-06-09 13:16:05,436 - INFO - ** Remessas EM REVISAO de SAO JOAO DEL REI obtidas
2026-06-09 13:16:05,436 - INFO - ** Obtendo remessas LIBERADO PARA PAGAMENTO de SAO JOAO DEL REI
2026-06-09 13:16:05,437 - INFO - ** Remessas LIBERADO PARA PAGAMENTO de SAO JOAO DEL REI obtidas
2026-06-09 13:16:05,437 - INFO - ** Obtendo remessas PAGAMENTO PROCESSADO comVL_PAGAR zerado de SAO JOAO DEL REI
2026-06-09 13:16:05,437 - INFO - ** Remessas PAGAMENTO PROCESSADO com VL_PAGAR zerado de SAO JOAO DEL REI obtidas
2026-06-09 13:16:05,437 - INFO - ** Gerando .xlsx das remessas de SAO JOAO DEL REI
2026-06-09 13:16:05,468 - INFO - ** .xlsx das remessas de SAO JOAO DEL REI gerado
2026-06-09 13:16:05,469 - INFO - * Finalizado processamento da regional SAO JOAO DEL REI
2026-06-09 13:16:05,469 - INFO - * Iniciando processamento da regional SETE LAGOAS
2026-06-09 13:16:05,469 - INFO - ** Obtendo TODAS remessas de SETE LAGOAS
2026-06-09 13:16:05,470 - INFO - **TODAS remessas de SETE LAGOAS obtidas
2026-06-09 13:16:05,470 - INFO - ** Obtendo remessas EM REVISAO de SETE LAGOAS
2026-06-09 13:16:05,470 - INFO - ** Remessas EM REVISAO de SETE LAGOAS obtidas
2026-06-09 13:16:05,470 - INFO - ** Obtendo remessas LIBERADO PARA PAGAMENTO de SETE LAGOAS
2026-06-09 13:16:05,471 - INFO - ** Remessas LIBERADO PARA PAGAMENTO de SETE LAGOAS obtidas
2026-06-09 13:16:05,471 - INFO - ** Obtendo remessas PAGAMENTO PROCESSADO comVL_PAGAR zerado de SETE LAGOAS
2026-06-09 13:16:05,471 - INFO - ** Remessas PAGAMENTO PROCESSADO com VL_PAGAR zerado de SETE LAGOAS obtidas
2026-06-09 13:16:05,471 - INFO - ** Gerando .xlsx das remessas de SETE LAGOAS
2026-06-09 13:16:05,510 - INFO - ** .xlsx das remessas de SETE LAGOAS gerado
2026-06-09 13:16:05,511 - INFO - * Finalizado processamento da regional SETE LAGOAS
2026-06-09 13:16:05,511 - INFO - * Iniciando processamento da regional TEÓFILO OTONI
2026-06-09 13:16:05,511 - INFO - ** Obtendo TODAS remessas de TEÓFILO OTONI
2026-06-09 13:16:05,512 - INFO - **TODAS remessas de TEÓFILO OTONI obtidas
2026-06-09 13:16:05,512 - INFO - ** Obtendo remessas EM REVISAO de TEÓFILO OTONI
2026-06-09 13:16:05,512 - INFO - ** Remessas EM REVISAO de TEÓFILO OTONI obtidas
2026-06-09 13:16:05,512 - INFO - ** Obtendo remessas LIBERADO PARA PAGAMENTO de TEÓFILO OTONI
2026-06-09 13:16:05,513 - INFO - ** Remessas LIBERADO PARA PAGAMENTO de TEÓFILO OTONI obtidas
2026-06-09 13:16:05,513 - INFO - ** Obtendo remessas PAGAMENTO PROCESSADO comVL_PAGAR zerado de TEÓFILO OTONI
2026-06-09 13:16:05,514 - INFO - ** Remessas PAGAMENTO PROCESSADO com VL_PAGAR zerado de TEÓFILO OTONI obtidas
2026-06-09 13:16:05,514 - INFO - ** Gerando .xlsx das remessas de TEÓFILO OTONI
2026-06-09 13:16:05,547 - INFO - ** .xlsx das remessas de TEÓFILO OTONI gerado
2026-06-09 13:16:05,548 - INFO - * Finalizado processamento da regional TEÓFILO OTONI
2026-06-09 13:16:05,548 - INFO - * Iniciando processamento da regional UBÁ
2026-06-09 13:16:05,548 - INFO - ** Obtendo TODAS remessas de UBÁ
2026-06-09 13:16:05,549 - INFO - **TODAS remessas de UBÁ obtidas
2026-06-09 13:16:05,549 - INFO - ** Obtendo remessas EM REVISAO de UBÁ
2026-06-09 13:16:05,549 - INFO - ** Remessas EM REVISAO de UBÁ obtidas
2026-06-09 13:16:05,549 - INFO - ** Obtendo remessas LIBERADO PARA PAGAMENTO de UBÁ
2026-06-09 13:16:05,550 - INFO - ** Remessas LIBERADO PARA PAGAMENTO de UBÁ obtidas
2026-06-09 13:16:05,550 - INFO - ** Obtendo remessas PAGAMENTO PROCESSADO comVL_PAGAR zerado de UBÁ
2026-06-09 13:16:05,550 - INFO - ** Remessas PAGAMENTO PROCESSADO com VL_PAGAR zerado de UBÁ obtidas
2026-06-09 13:16:05,551 - INFO - ** Gerando .xlsx das remessas de UBÁ
2026-06-09 13:16:05,584 - INFO - ** .xlsx das remessas de UBÁ gerado
2026-06-09 13:16:05,585 - INFO - * Finalizado processamento da regional UBÁ
2026-06-09 13:16:05,585 - INFO - * Iniciando processamento da regional UBERABA
2026-06-09 13:16:05,585 - INFO - ** Obtendo TODAS remessas de UBERABA
2026-06-09 13:16:05,586 - INFO - **TODAS remessas de UBERABA obtidas
2026-06-09 13:16:05,586 - INFO - ** Obtendo remessas EM REVISAO de UBERABA
2026-06-09 13:16:05,586 - INFO - ** Remessas EM REVISAO de UBERABA obtidas
2026-06-09 13:16:05,586 - INFO - ** Obtendo remessas LIBERADO PARA PAGAMENTO de UBERABA
2026-06-09 13:16:05,587 - INFO - ** Remessas LIBERADO PARA PAGAMENTO de UBERABA obtidas
2026-06-09 13:16:05,587 - INFO - ** Obtendo remessas PAGAMENTO PROCESSADO comVL_PAGAR zerado de UBERABA
2026-06-09 13:16:05,587 - INFO - ** Remessas PAGAMENTO PROCESSADO com VL_PAGAR zerado de UBERABA obtidas
2026-06-09 13:16:05,587 - INFO - ** Gerando .xlsx das remessas de UBERABA
2026-06-09 13:16:05,617 - INFO - ** .xlsx das remessas de UBERABA gerado
2026-06-09 13:16:05,617 - INFO - * Finalizado processamento da regional UBERABA
2026-06-09 13:16:05,618 - INFO - * Iniciando processamento da regional UBERLANDIA
2026-06-09 13:16:05,618 - INFO - ** Obtendo TODAS remessas de UBERLANDIA
2026-06-09 13:16:05,618 - INFO - **TODAS remessas de UBERLANDIA obtidas
2026-06-09 13:16:05,618 - INFO - ** Obtendo remessas EM REVISAO de UBERLANDIA
2026-06-09 13:16:05,619 - INFO - ** Remessas EM REVISAO de UBERLANDIA obtidas
2026-06-09 13:16:05,619 - INFO - ** Obtendo remessas LIBERADO PARA PAGAMENTO de UBERLANDIA
2026-06-09 13:16:05,619 - INFO - ** Remessas LIBERADO PARA PAGAMENTO de UBERLANDIA obtidas
2026-06-09 13:16:05,620 - INFO - ** Obtendo remessas PAGAMENTO PROCESSADO comVL_PAGAR zerado de UBERLANDIA
2026-06-09 13:16:05,620 - INFO - ** Remessas PAGAMENTO PROCESSADO com VL_PAGAR zerado de UBERLANDIA obtidas
2026-06-09 13:16:05,620 - INFO - ** Gerando .xlsx das remessas de UBERLANDIA
2026-06-09 13:16:05,651 - INFO - ** .xlsx das remessas de UBERLANDIA gerado
2026-06-09 13:16:05,651 - INFO - * Finalizado processamento da regional UBERLANDIA
2026-06-09 13:16:05,651 - INFO - * Iniciando processamento da regional VARGINHA
2026-06-09 13:16:05,652 - INFO - ** Obtendo TODAS remessas de VARGINHA
2026-06-09 13:16:05,652 - INFO - **TODAS remessas de VARGINHA obtidas
2026-06-09 13:16:05,652 - INFO - ** Obtendo remessas EM REVISAO de VARGINHA
2026-06-09 13:16:05,653 - INFO - ** Remessas EM REVISAO de VARGINHA obtidas
2026-06-09 13:16:05,653 - INFO - ** Obtendo remessas LIBERADO PARA PAGAMENTO de VARGINHA
2026-06-09 13:16:05,653 - INFO - ** Remessas LIBERADO PARA PAGAMENTO de VARGINHA obtidas
2026-06-09 13:16:05,653 - INFO - ** Obtendo remessas PAGAMENTO PROCESSADO comVL_PAGAR zerado de VARGINHA
2026-06-09 13:16:05,654 - INFO - ** Remessas PAGAMENTO PROCESSADO com VL_PAGAR zerado de VARGINHA obtidas
2026-06-09 13:16:05,654 - INFO - ** Gerando .xlsx das remessas de VARGINHA
2026-06-09 13:16:05,685 - INFO - ** .xlsx das remessas de VARGINHA gerado
2026-06-09 13:16:05,686 - INFO - * Finalizado processamento da regional VARGINHA
2026-06-09 13:16:05,686 - INFO - Finalizado processamento de cada regional
