2026-06-09 15:49:17,012 - INFO - ====== WebDriver manager ======
2026-06-09 15:49:17,451 - INFO - Driver [C:\Users\m755247\.wdm\drivers\chromedriver\win64\149.0.7827.55\chromedriver-win64/chromedriver.exe] found in cache by browser version
2026-06-09 15:49:21,456 - INFO - Gerando processos por regional (38 regionais)
2026-06-09 15:49:21,460 - INFO - Regional ALFENAS: remessas-ALFENAS-2026_06_09.xlsx gerado
2026-06-09 15:49:21,461 - INFO - Regional ALMENARA: remessas-ALMENARA-2026_06_09.xlsx gerado
2026-06-09 15:49:21,461 - INFO - Regional ARAXA: remessas-ARAXA-2026_06_09.xlsx gerado
2026-06-09 15:49:21,462 - INFO - Regional BARBACENA: remessas-BARBACENA-2026_06_09.xlsx gerado
2026-06-09 15:49:21,462 - INFO - Regional BELO HORIZONTE: remessas-BELO HORIZONTE-2026_06_09.xlsx gerado
2026-06-09 15:49:21,462 - INFO - Regional BOM DESPACHO: remessas-BOM DESPACHO-2026_06_09.xlsx gerado
2026-06-09 15:49:21,463 - INFO - Regional BRASILIA DE  MINAS: remessas-BRASILIA DE  MINAS-2026_06_09.xlsx gerado
2026-06-09 15:49:21,463 - INFO - Regional CONSELHEIRO LAFAIETE: remessas-CONSELHEIRO LAFAIETE-2026_06_09.xlsx gerado
2026-06-09 15:49:21,463 - INFO - Regional CONTAGEM: remessas-CONTAGEM-2026_06_09.xlsx gerado
2026-06-09 15:49:21,463 - INFO - Regional CORONEL FABRICIANO: remessas-CORONEL FABRICIANO-2026_06_09.xlsx gerado
2026-06-09 15:49:21,464 - INFO - Regional CURVELO: remessas-CURVELO-2026_06_09.xlsx gerado
2026-06-09 15:49:21,464 - INFO - Regional DIAMANTINA: remessas-DIAMANTINA-2026_06_09.xlsx gerado
2026-06-09 15:49:21,464 - INFO - Regional DIVINÓPOLIS: remessas-DIVINÓPOLIS-2026_06_09.xlsx gerado
2026-06-09 15:49:21,464 - INFO - Regional GOVERNADOR VALADARES: remessas-GOVERNADOR VALADARES-2026_06_09.xlsx gerado
2026-06-09 15:49:21,465 - INFO - Regional ITABIRA: remessas-ITABIRA-2026_06_09.xlsx gerado
2026-06-09 15:49:21,465 - INFO - Regional ITAÚNA: remessas-ITAÚNA-2026_06_09.xlsx gerado
2026-06-09 15:49:21,465 - INFO - Regional ITUIUTABA: remessas-ITUIUTABA-2026_06_09.xlsx gerado
2026-06-09 15:49:21,465 - INFO - Regional JUIZ DE FORA: remessas-JUIZ DE FORA-2026_06_09.xlsx gerado
2026-06-09 15:49:21,465 - INFO - Regional LAVRAS: remessas-LAVRAS-2026_06_09.xlsx gerado
2026-06-09 15:49:21,466 - INFO - Regional MANHUAÇU: remessas-MANHUAÇU-2026_06_09.xlsx gerado
2026-06-09 15:49:21,466 - INFO - Regional MONTES CLAROS: remessas-MONTES CLAROS-2026_06_09.xlsx gerado
2026-06-09 15:49:21,466 - INFO - Regional MURIAÉ: remessas-MURIAÉ-2026_06_09.xlsx gerado
2026-06-09 15:49:21,466 - INFO - Regional OLIVEIRA: remessas-OLIVEIRA-2026_06_09.xlsx gerado
2026-06-09 15:49:21,467 - INFO - Regional PARACATU: remessas-PARACATU-2026_06_09.xlsx gerado
2026-06-09 15:49:21,467 - INFO - Regional PASSOS: remessas-PASSOS-2026_06_09.xlsx gerado
2026-06-09 15:49:21,467 - INFO - Regional PATOS DE MINAS: remessas-PATOS DE MINAS-2026_06_09.xlsx gerado
2026-06-09 15:49:21,467 - INFO - Regional PEDRO LEOPOLDO: remessas-PEDRO LEOPOLDO-2026_06_09.xlsx gerado
2026-06-09 15:49:21,467 - INFO - Regional POÇOS DE CALDAS: remessas-POÇOS DE CALDAS-2026_06_09.xlsx gerado
2026-06-09 15:49:21,468 - INFO - Regional PONTE NOVA: remessas-PONTE NOVA-2026_06_09.xlsx gerado
2026-06-09 15:49:21,468 - INFO - Regional POUSO ALEGRE: remessas-POUSO ALEGRE-2026_06_09.xlsx gerado
2026-06-09 15:49:21,468 - INFO - Regional SALINAS: remessas-SALINAS-2026_06_09.xlsx gerado
2026-06-09 15:49:21,468 - INFO - Regional SAO JOAO DEL REI: remessas-SAO JOAO DEL REI-2026_06_09.xlsx gerado
2026-06-09 15:49:21,469 - INFO - Regional SETE LAGOAS: remessas-SETE LAGOAS-2026_06_09.xlsx gerado
2026-06-09 15:49:21,469 - INFO - Regional TEÓFILO OTONI: remessas-TEÓFILO OTONI-2026_06_09.xlsx gerado
2026-06-09 15:49:21,469 - INFO - Regional UBÁ: remessas-UBÁ-2026_06_09.xlsx gerado
2026-06-09 15:49:21,469 - INFO - Regional UBERABA: remessas-UBERABA-2026_06_09.xlsx gerado
2026-06-09 15:49:21,469 - INFO - Regional UBERLANDIA: remessas-UBERLANDIA-2026_06_09.xlsx gerado
2026-06-09 15:49:21,470 - INFO - Regional VARGINHA: remessas-VARGINHA-2026_06_09.xlsx gerado
2026-06-09 15:49:21,470 - INFO - Processamento concluído
