2026-06-09 14:41:29,155 - INFO - Carregando FFE_2022
2026-06-09 14:41:30,589 - INFO - FFE_2022 carregado
2026-06-09 14:41:30,589 - INFO - Adicionando FFE_2022 à lista
2026-06-09 14:41:30,590 - INFO - FFE_2022 adicionado à lista
2026-06-09 14:41:30,590 - INFO - Carregando FFE_2023
2026-06-09 14:41:31,979 - INFO - FFE_2023 carregado
2026-06-09 14:41:31,980 - INFO - Adicionando FFE_2023 à lista
2026-06-09 14:41:31,980 - INFO - FFE_2023 adicionado à lista
2026-06-09 14:41:31,980 - INFO - Carregando FFE_2024
2026-06-09 14:41:33,202 - INFO - FFE_2024 carregado
2026-06-09 14:41:33,202 - INFO - Adicionando FFE_2024 à lista
2026-06-09 14:41:33,202 - INFO - FFE_2024 adicionado à lista
2026-06-09 14:41:33,202 - INFO - Carregando FFE_2025
2026-06-09 14:41:34,541 - INFO - FFE_2025 carregado
2026-06-09 14:41:34,541 - INFO - Adicionando FFE_2025 à lista
2026-06-09 14:41:34,541 - INFO - FFE_2025 adicionado à lista
2026-06-09 14:41:34,541 - INFO - Carregando FFE_2026
2026-06-09 14:41:35,205 - INFO - FFE_2026 carregado
2026-06-09 14:41:35,205 - INFO - Adicionando FFE_2026 à lista
2026-06-09 14:41:35,205 - INFO - FFE_2026 adicionado à lista
2026-06-09 14:41:35,205 - INFO - Reunindo todos os FFE
2026-06-09 14:41:35,258 - INFO - FFE reunidos
2026-06-09 14:41:36,972 - INFO - Filtrando FFE completo
2026-06-09 14:41:37,083 - INFO - FFE completo filtrado
2026-06-09 14:41:37,145 - INFO - Gerando .xlsx dos FFE completos
2026-06-09 14:42:39,666 - INFO - .xlsx dos FFE completos gerado
2026-06-09 14:42:39,666 - INFO - Obtendo remessas EM CADASTRAMENTO
2026-06-09 14:42:39,681 - INFO - Remessas EM CADASTRAMENTO obtidas
2026-06-09 14:42:39,681 - INFO - Gerando .xlsx das remessas EM CADASTRAMENTO
2026-06-09 14:42:39,708 - INFO - .xlsx das remessas EM CADASTRAMENTO gerado
2026-06-09 14:42:39,708 - INFO - Obtendo remessas PAGAMENTO PROCESSADO com VL_PAGAR zerado
2026-06-09 14:42:39,722 - INFO - Remessas PAGAMENTO PROCESSADO com VL_PAGAR zerado obtidas
2026-06-09 14:42:39,722 - INFO - Gerando .xlsx das remessas PAGAMENTO PROCESSADO com VL_PAGAR zerado
2026-06-09 14:42:39,772 - INFO - .xlsx das remessas PAGAMENTO PROCESSADO com VL_PAGAR zerado gerado
2026-06-09 14:42:39,772 - INFO - Filtrando remessas para monitoramento
2026-06-09 14:42:39,810 - INFO - Remessas para monitoramento filtradas
2026-06-09 14:42:39,810 - INFO - Gerando .xlsx de monitoramento (todas as regionais)
2026-06-09 14:42:40,036 - INFO - .xlsx de monitoramento gerado
2026-06-09 14:42:40,036 - INFO - Obtendo dados de contato das regionais
2026-06-09 14:42:40,254 - INFO - Dados de contato das regionais obtidos
2026-06-09 14:42:40,254 - INFO - Iniciando processamento de cada regional
2026-06-09 14:42:40,254 - INFO - * Processando regional ALFENAS
2026-06-09 14:42:40,299 - INFO - * Regional ALFENAS processada
2026-06-09 14:42:40,299 - INFO - * Processando regional ALMENARA
2026-06-09 14:42:40,335 - INFO - * Regional ALMENARA processada
2026-06-09 14:42:40,336 - INFO - * Processando regional ARAXA
2026-06-09 14:42:40,374 - INFO - * Regional ARAXA processada
2026-06-09 14:42:40,374 - INFO - * Processando regional BARBACENA
2026-06-09 14:42:40,407 - INFO - * Regional BARBACENA processada
2026-06-09 14:42:40,407 - INFO - * Processando regional BELO HORIZONTE
2026-06-09 14:42:40,483 - INFO - * Regional BELO HORIZONTE processada
2026-06-09 14:42:40,483 - INFO - * Processando regional BOM DESPACHO
2026-06-09 14:42:40,514 - INFO - * Regional BOM DESPACHO processada
2026-06-09 14:42:40,515 - INFO - * Processando regional BRASILIA DE  MINAS
2026-06-09 14:42:40,543 - INFO - * Regional BRASILIA DE  MINAS processada
2026-06-09 14:42:40,544 - INFO - * Processando regional CONSELHEIRO LAFAIETE
2026-06-09 14:42:40,573 - INFO - * Regional CONSELHEIRO LAFAIETE processada
2026-06-09 14:42:40,573 - INFO - * Processando regional CONTAGEM
2026-06-09 14:42:40,611 - INFO - * Regional CONTAGEM processada
2026-06-09 14:42:40,611 - INFO - * Processando regional CORONEL FABRICIANO
2026-06-09 14:42:40,660 - INFO - * Regional CORONEL FABRICIANO processada
2026-06-09 14:42:40,660 - INFO - * Processando regional CURVELO
2026-06-09 14:42:40,694 - INFO - * Regional CURVELO processada
2026-06-09 14:42:40,694 - INFO - * Processando regional DIAMANTINA
2026-06-09 14:42:40,721 - INFO - * Regional DIAMANTINA processada
2026-06-09 14:42:40,722 - INFO - * Processando regional DIVINÓPOLIS
2026-06-09 14:42:40,752 - INFO - * Regional DIVINÓPOLIS processada
2026-06-09 14:42:40,753 - INFO - * Processando regional GOVERNADOR VALADARES
2026-06-09 14:42:40,784 - INFO - * Regional GOVERNADOR VALADARES processada
2026-06-09 14:42:40,785 - INFO - * Processando regional ITABIRA
2026-06-09 14:42:40,820 - INFO - * Regional ITABIRA processada
2026-06-09 14:42:40,820 - INFO - * Processando regional ITAÚNA
2026-06-09 14:42:40,851 - INFO - * Regional ITAÚNA processada
2026-06-09 14:42:40,851 - INFO - * Processando regional ITUIUTABA
2026-06-09 14:42:40,882 - INFO - * Regional ITUIUTABA processada
2026-06-09 14:42:40,883 - INFO - * Processando regional JUIZ DE FORA
2026-06-09 14:42:40,915 - INFO - * Regional JUIZ DE FORA processada
2026-06-09 14:42:40,915 - INFO - * Processando regional LAVRAS
2026-06-09 14:42:40,944 - INFO - * Regional LAVRAS processada
2026-06-09 14:42:40,945 - INFO - * Processando regional MANHUAÇU
2026-06-09 14:42:40,976 - INFO - * Regional MANHUAÇU processada
2026-06-09 14:42:40,977 - INFO - * Processando regional MONTES CLAROS
2026-06-09 14:42:41,010 - INFO - * Regional MONTES CLAROS processada
2026-06-09 14:42:41,010 - INFO - * Processando regional MURIAÉ
2026-06-09 14:42:41,042 - INFO - * Regional MURIAÉ processada
2026-06-09 14:42:41,042 - INFO - * Processando regional OLIVEIRA
2026-06-09 14:42:41,080 - INFO - * Regional OLIVEIRA processada
2026-06-09 14:42:41,080 - INFO - * Processando regional PARACATU
2026-06-09 14:42:41,112 - INFO - * Regional PARACATU processada
2026-06-09 14:42:41,112 - INFO - * Processando regional PASSOS
2026-06-09 14:42:41,150 - INFO - * Regional PASSOS processada
2026-06-09 14:42:41,151 - INFO - * Processando regional PATOS DE MINAS
2026-06-09 14:42:41,182 - INFO - * Regional PATOS DE MINAS processada
2026-06-09 14:42:41,182 - INFO - * Processando regional PEDRO LEOPOLDO
2026-06-09 14:42:41,215 - INFO - * Regional PEDRO LEOPOLDO processada
2026-06-09 14:42:41,215 - INFO - * Processando regional POÇOS DE CALDAS
2026-06-09 14:42:41,245 - INFO - * Regional POÇOS DE CALDAS processada
2026-06-09 14:42:41,246 - INFO - * Processando regional PONTE NOVA
2026-06-09 14:42:41,282 - INFO - * Regional PONTE NOVA processada
2026-06-09 14:42:41,282 - INFO - * Processando regional POUSO ALEGRE
2026-06-09 14:42:41,322 - INFO - * Regional POUSO ALEGRE processada
2026-06-09 14:42:41,322 - INFO - * Processando regional SALINAS
2026-06-09 14:42:41,353 - INFO - * Regional SALINAS processada
2026-06-09 14:42:41,354 - INFO - * Processando regional SAO JOAO DEL REI
2026-06-09 14:42:41,389 - INFO - * Regional SAO JOAO DEL REI processada
2026-06-09 14:42:41,389 - INFO - * Processando regional SETE LAGOAS
2026-06-09 14:42:41,422 - INFO - * Regional SETE LAGOAS processada
2026-06-09 14:42:41,423 - INFO - * Processando regional TEÓFILO OTONI
2026-06-09 14:42:41,460 - INFO - * Regional TEÓFILO OTONI processada
2026-06-09 14:42:41,461 - INFO - * Processando regional UBÁ
2026-06-09 14:42:41,494 - INFO - * Regional UBÁ processada
2026-06-09 14:42:41,495 - INFO - * Processando regional UBERABA
2026-06-09 14:42:41,529 - INFO - * Regional UBERABA processada
2026-06-09 14:42:41,530 - INFO - * Processando regional UBERLANDIA
2026-06-09 14:42:41,617 - INFO - * Regional UBERLANDIA processada
2026-06-09 14:42:41,617 - INFO - * Processando regional VARGINHA
2026-06-09 14:42:41,645 - INFO - * Regional VARGINHA processada
2026-06-09 14:42:41,646 - INFO - Finalizado processamento de cada regional
