2026-06-09 13:04:07,559 - INFO - Carregando FFE_2021
2026-06-09 13:04:08,612 - INFO - FFE_2021 carregado
2026-06-09 13:04:08,612 - INFO - Adicionando FFE_2021 à lista
2026-06-09 13:04:08,612 - INFO - FFE_2021 adicionado à lista
2026-06-09 13:04:08,612 - INFO - Carregando FFE_2022
2026-06-09 13:04:09,753 - INFO - FFE_2022 carregado
2026-06-09 13:04:09,753 - INFO - Adicionando FFE_2022 à lista
2026-06-09 13:04:09,753 - INFO - FFE_2022 adicionado à lista
2026-06-09 13:04:09,753 - INFO - Carregando FFE_2023
2026-06-09 13:04:11,308 - INFO - FFE_2023 carregado
2026-06-09 13:04:11,309 - INFO - Adicionando FFE_2023 à lista
2026-06-09 13:04:11,317 - INFO - FFE_2023 adicionado à lista
2026-06-09 13:04:11,318 - INFO - Carregando FFE_2024
2026-06-09 13:04:12,382 - INFO - FFE_2024 carregado
2026-06-09 13:04:12,382 - INFO - Adicionando FFE_2024 à lista
2026-06-09 13:04:12,382 - INFO - FFE_2024 adicionado à lista
2026-06-09 13:04:12,382 - INFO - Reunindo todos os FFE
2026-06-09 13:04:12,420 - INFO - FFE reunidos
2026-06-09 13:04:12,420 - INFO - Filtrando FFE completo
2026-06-09 13:04:12,497 - INFO - FFE completo filtrado
2026-06-09 13:04:12,548 - INFO - Gerando .xlsx dos FFE completos
2026-06-09 13:05:08,186 - INFO - .xlsx dos FFE completos gerado
2026-06-09 13:05:08,186 - INFO - Obtendo remessas EM CADASTRAMENTO
2026-06-09 13:05:08,197 - INFO - Remessas EM CADASTRAMENTO obtidas
2026-06-09 13:05:08,197 - INFO - Gerando .xlsx das remessas EM CADASTRAMENTO
2026-06-09 13:05:08,225 - INFO - .xlsx das remessas EM CADASTRAMENTO gerado
2026-06-09 13:05:08,225 - INFO - Obtendo remessas PAGAMENTO PROCESSADO com VL_PAGAR zerado
2026-06-09 13:05:08,258 - INFO - Remessas PAGAMENTO PROCESSADO com VL_PAGAR zerado obtidas
2026-06-09 13:05:08,258 - INFO - Gerando .xlsx das remessas PAGAMENTO PROCESSADO com VL_PAGAR zerado
2026-06-09 13:05:08,276 - INFO - .xlsx das remessas PAGAMENTO PROCESSADO com VL_PAGAR zerado gerado
2026-06-09 13:05:08,276 - INFO - Obtendo dados de contato das regionais
2026-06-09 13:05:08,429 - INFO - Dados de contato das regionais obtidos
2026-06-09 13:05:08,430 - INFO - Iniciando processamento de cada regional
2026-06-09 13:05:08,430 - INFO - * Iniciando processamento da regional ALFENAS
2026-06-09 13:05:08,430 - INFO - ** Obtendo TODAS remessas de ALFENAS
2026-06-09 13:05:08,443 - INFO - **TODAS remessas de ALFENAS obtidas
2026-06-09 13:05:08,443 - INFO - ** Obtendo remessas EM REVISAO de ALFENAS
2026-06-09 13:05:08,444 - INFO - ** Remessas EM REVISAO de ALFENAS obtidas
2026-06-09 13:05:08,444 - INFO - ** Obtendo remessas LIBERADO PARA PAGAMENTO de ALFENAS
2026-06-09 13:05:08,445 - INFO - ** Remessas LIBERADO PARA PAGAMENTO de ALFENAS obtidas
2026-06-09 13:05:08,445 - INFO - ** Obtendo remessas PAGAMENTO PROCESSADO comVL_PAGAR zerado de ALFENAS
2026-06-09 13:05:08,446 - INFO - ** Remessas PAGAMENTO PROCESSADO com VL_PAGAR zerado de ALFENAS obtidas
2026-06-09 13:05:08,447 - INFO - ** Gerando .xlsx das remessas de ALFENAS
2026-06-09 13:05:09,598 - INFO - ** .xlsx das remessas de ALFENAS gerado
2026-06-09 13:05:09,598 - INFO - * Finalizado processamento da regional ALFENAS
2026-06-09 13:05:09,599 - INFO - * Iniciando processamento da regional ALMENARA
2026-06-09 13:05:09,599 - INFO - ** Obtendo TODAS remessas de ALMENARA
2026-06-09 13:05:09,610 - INFO - **TODAS remessas de ALMENARA obtidas
2026-06-09 13:05:09,610 - INFO - ** Obtendo remessas EM REVISAO de ALMENARA
2026-06-09 13:05:09,611 - INFO - ** Remessas EM REVISAO de ALMENARA obtidas
2026-06-09 13:05:09,611 - INFO - ** Obtendo remessas LIBERADO PARA PAGAMENTO de ALMENARA
2026-06-09 13:05:09,612 - INFO - ** Remessas LIBERADO PARA PAGAMENTO de ALMENARA obtidas
2026-06-09 13:05:09,612 - INFO - ** Obtendo remessas PAGAMENTO PROCESSADO comVL_PAGAR zerado de ALMENARA
2026-06-09 13:05:09,613 - INFO - ** Remessas PAGAMENTO PROCESSADO com VL_PAGAR zerado de ALMENARA obtidas
2026-06-09 13:05:09,614 - INFO - ** Gerando .xlsx das remessas de ALMENARA
2026-06-09 13:05:10,409 - INFO - ** .xlsx das remessas de ALMENARA gerado
2026-06-09 13:05:10,409 - INFO - * Finalizado processamento da regional ALMENARA
2026-06-09 13:05:10,409 - INFO - * Iniciando processamento da regional ARAXA
2026-06-09 13:05:10,410 - INFO - ** Obtendo TODAS remessas de ARAXA
2026-06-09 13:05:10,420 - INFO - **TODAS remessas de ARAXA obtidas
2026-06-09 13:05:10,420 - INFO - ** Obtendo remessas EM REVISAO de ARAXA
2026-06-09 13:05:10,421 - INFO - ** Remessas EM REVISAO de ARAXA obtidas
2026-06-09 13:05:10,421 - INFO - ** Obtendo remessas LIBERADO PARA PAGAMENTO de ARAXA
2026-06-09 13:05:10,422 - INFO - ** Remessas LIBERADO PARA PAGAMENTO de ARAXA obtidas
2026-06-09 13:05:10,422 - INFO - ** Obtendo remessas PAGAMENTO PROCESSADO comVL_PAGAR zerado de ARAXA
2026-06-09 13:05:10,423 - INFO - ** Remessas PAGAMENTO PROCESSADO com VL_PAGAR zerado de ARAXA obtidas
2026-06-09 13:05:10,423 - INFO - ** Gerando .xlsx das remessas de ARAXA
2026-06-09 13:05:10,791 - INFO - ** .xlsx das remessas de ARAXA gerado
2026-06-09 13:05:10,791 - INFO - * Finalizado processamento da regional ARAXA
2026-06-09 13:05:10,792 - INFO - * Iniciando processamento da regional BARBACENA
2026-06-09 13:05:10,792 - INFO - ** Obtendo TODAS remessas de BARBACENA
2026-06-09 13:05:10,803 - INFO - **TODAS remessas de BARBACENA obtidas
2026-06-09 13:05:10,804 - INFO - ** Obtendo remessas EM REVISAO de BARBACENA
2026-06-09 13:05:10,804 - INFO - ** Remessas EM REVISAO de BARBACENA obtidas
2026-06-09 13:05:10,805 - INFO - ** Obtendo remessas LIBERADO PARA PAGAMENTO de BARBACENA
2026-06-09 13:05:10,805 - INFO - ** Remessas LIBERADO PARA PAGAMENTO de BARBACENA obtidas
2026-06-09 13:05:10,805 - INFO - ** Obtendo remessas PAGAMENTO PROCESSADO comVL_PAGAR zerado de BARBACENA
2026-06-09 13:05:10,807 - INFO - ** Remessas PAGAMENTO PROCESSADO com VL_PAGAR zerado de BARBACENA obtidas
2026-06-09 13:05:10,807 - INFO - ** Gerando .xlsx das remessas de BARBACENA
2026-06-09 13:05:11,558 - INFO - ** .xlsx das remessas de BARBACENA gerado
2026-06-09 13:05:11,558 - INFO - * Finalizado processamento da regional BARBACENA
2026-06-09 13:05:11,558 - INFO - * Iniciando processamento da regional BELO HORIZONTE
2026-06-09 13:05:11,558 - INFO - ** Obtendo TODAS remessas de BELO HORIZONTE
2026-06-09 13:05:11,580 - INFO - **TODAS remessas de BELO HORIZONTE obtidas
2026-06-09 13:05:11,581 - INFO - ** Obtendo remessas EM REVISAO de BELO HORIZONTE
2026-06-09 13:05:11,583 - INFO - ** Remessas EM REVISAO de BELO HORIZONTE obtidas
2026-06-09 13:05:11,583 - INFO - ** Obtendo remessas LIBERADO PARA PAGAMENTO de BELO HORIZONTE
2026-06-09 13:05:11,585 - INFO - ** Remessas LIBERADO PARA PAGAMENTO de BELO HORIZONTE obtidas
2026-06-09 13:05:11,585 - INFO - ** Obtendo remessas PAGAMENTO PROCESSADO comVL_PAGAR zerado de BELO HORIZONTE
2026-06-09 13:05:11,591 - INFO - ** Remessas PAGAMENTO PROCESSADO com VL_PAGAR zerado de BELO HORIZONTE obtidas
2026-06-09 13:05:11,591 - INFO - ** Gerando .xlsx das remessas de BELO HORIZONTE
2026-06-09 13:05:20,574 - INFO - ** .xlsx das remessas de BELO HORIZONTE gerado
2026-06-09 13:05:20,574 - INFO - * Finalizado processamento da regional BELO HORIZONTE
2026-06-09 13:05:20,574 - INFO - * Iniciando processamento da regional BOM DESPACHO
2026-06-09 13:05:20,574 - INFO - ** Obtendo TODAS remessas de BOM DESPACHO
2026-06-09 13:05:20,590 - INFO - **TODAS remessas de BOM DESPACHO obtidas
2026-06-09 13:05:20,591 - INFO - ** Obtendo remessas EM REVISAO de BOM DESPACHO
2026-06-09 13:05:20,591 - INFO - ** Remessas EM REVISAO de BOM DESPACHO obtidas
2026-06-09 13:05:20,591 - INFO - ** Obtendo remessas LIBERADO PARA PAGAMENTO de BOM DESPACHO
2026-06-09 13:05:20,592 - INFO - ** Remessas LIBERADO PARA PAGAMENTO de BOM DESPACHO obtidas
2026-06-09 13:05:20,592 - INFO - ** Obtendo remessas PAGAMENTO PROCESSADO comVL_PAGAR zerado de BOM DESPACHO
2026-06-09 13:05:20,593 - INFO - ** Remessas PAGAMENTO PROCESSADO com VL_PAGAR zerado de BOM DESPACHO obtidas
2026-06-09 13:05:20,593 - INFO - ** Gerando .xlsx das remessas de BOM DESPACHO
2026-06-09 13:05:21,290 - INFO - ** .xlsx das remessas de BOM DESPACHO gerado
2026-06-09 13:05:21,290 - INFO - * Finalizado processamento da regional BOM DESPACHO
2026-06-09 13:05:21,290 - INFO - * Iniciando processamento da regional BRASILIA DE  MINAS
2026-06-09 13:05:21,291 - INFO - ** Obtendo TODAS remessas de BRASILIA DE  MINAS
2026-06-09 13:05:21,302 - INFO - **TODAS remessas de BRASILIA DE  MINAS obtidas
2026-06-09 13:05:21,302 - INFO - ** Obtendo remessas EM REVISAO de BRASILIA DE  MINAS
2026-06-09 13:05:21,303 - INFO - ** Remessas EM REVISAO de BRASILIA DE  MINAS obtidas
2026-06-09 13:05:21,303 - INFO - ** Obtendo remessas LIBERADO PARA PAGAMENTO de BRASILIA DE  MINAS
2026-06-09 13:05:21,304 - INFO - ** Remessas LIBERADO PARA PAGAMENTO de BRASILIA DE  MINAS obtidas
2026-06-09 13:05:21,304 - INFO - ** Obtendo remessas PAGAMENTO PROCESSADO comVL_PAGAR zerado de BRASILIA DE  MINAS
2026-06-09 13:05:21,305 - INFO - ** Remessas PAGAMENTO PROCESSADO com VL_PAGAR zerado de BRASILIA DE  MINAS obtidas
2026-06-09 13:05:21,306 - INFO - ** Gerando .xlsx das remessas de BRASILIA DE  MINAS
2026-06-09 13:05:22,405 - INFO - ** .xlsx das remessas de BRASILIA DE  MINAS gerado
2026-06-09 13:05:22,406 - INFO - * Finalizado processamento da regional BRASILIA DE  MINAS
2026-06-09 13:05:22,406 - INFO - * Iniciando processamento da regional CONSELHEIRO LAFAIETE
2026-06-09 13:05:22,406 - INFO - ** Obtendo TODAS remessas de CONSELHEIRO LAFAIETE
2026-06-09 13:05:22,418 - INFO - **TODAS remessas de CONSELHEIRO LAFAIETE obtidas
2026-06-09 13:05:22,418 - INFO - ** Obtendo remessas EM REVISAO de CONSELHEIRO LAFAIETE
2026-06-09 13:05:22,419 - INFO - ** Remessas EM REVISAO de CONSELHEIRO LAFAIETE obtidas
2026-06-09 13:05:22,419 - INFO - ** Obtendo remessas LIBERADO PARA PAGAMENTO de CONSELHEIRO LAFAIETE
2026-06-09 13:05:22,420 - INFO - ** Remessas LIBERADO PARA PAGAMENTO de CONSELHEIRO LAFAIETE obtidas
2026-06-09 13:05:22,420 - INFO - ** Obtendo remessas PAGAMENTO PROCESSADO comVL_PAGAR zerado de CONSELHEIRO LAFAIETE
2026-06-09 13:05:22,421 - INFO - ** Remessas PAGAMENTO PROCESSADO com VL_PAGAR zerado de CONSELHEIRO LAFAIETE obtidas
2026-06-09 13:05:22,421 - INFO - ** Gerando .xlsx das remessas de CONSELHEIRO LAFAIETE
2026-06-09 13:05:23,076 - INFO - ** .xlsx das remessas de CONSELHEIRO LAFAIETE gerado
2026-06-09 13:05:23,076 - INFO - * Finalizado processamento da regional CONSELHEIRO LAFAIETE
2026-06-09 13:05:23,076 - INFO - * Iniciando processamento da regional CONTAGEM
2026-06-09 13:05:23,077 - INFO - ** Obtendo TODAS remessas de CONTAGEM
2026-06-09 13:05:23,091 - INFO - **TODAS remessas de CONTAGEM obtidas
2026-06-09 13:05:23,091 - INFO - ** Obtendo remessas EM REVISAO de CONTAGEM
2026-06-09 13:05:23,092 - INFO - ** Remessas EM REVISAO de CONTAGEM obtidas
2026-06-09 13:05:23,093 - INFO - ** Obtendo remessas LIBERADO PARA PAGAMENTO de CONTAGEM
2026-06-09 13:05:23,094 - INFO - ** Remessas LIBERADO PARA PAGAMENTO de CONTAGEM obtidas
2026-06-09 13:05:23,094 - INFO - ** Obtendo remessas PAGAMENTO PROCESSADO comVL_PAGAR zerado de CONTAGEM
2026-06-09 13:05:23,096 - INFO - ** Remessas PAGAMENTO PROCESSADO com VL_PAGAR zerado de CONTAGEM obtidas
2026-06-09 13:05:23,096 - INFO - ** Gerando .xlsx das remessas de CONTAGEM
2026-06-09 13:05:25,527 - INFO - ** .xlsx das remessas de CONTAGEM gerado
2026-06-09 13:05:25,528 - INFO - * Finalizado processamento da regional CONTAGEM
2026-06-09 13:05:25,528 - INFO - * Iniciando processamento da regional CORONEL FABRICIANO
2026-06-09 13:05:25,528 - INFO - ** Obtendo TODAS remessas de CORONEL FABRICIANO
2026-06-09 13:05:25,542 - INFO - **TODAS remessas de CORONEL FABRICIANO obtidas
2026-06-09 13:05:25,542 - INFO - ** Obtendo remessas EM REVISAO de CORONEL FABRICIANO
2026-06-09 13:05:25,543 - INFO - ** Remessas EM REVISAO de CORONEL FABRICIANO obtidas
2026-06-09 13:05:25,543 - INFO - ** Obtendo remessas LIBERADO PARA PAGAMENTO de CORONEL FABRICIANO
2026-06-09 13:05:25,544 - INFO - ** Remessas LIBERADO PARA PAGAMENTO de CORONEL FABRICIANO obtidas
2026-06-09 13:05:25,544 - INFO - ** Obtendo remessas PAGAMENTO PROCESSADO comVL_PAGAR zerado de CORONEL FABRICIANO
2026-06-09 13:05:25,546 - INFO - ** Remessas PAGAMENTO PROCESSADO com VL_PAGAR zerado de CORONEL FABRICIANO obtidas
2026-06-09 13:05:25,546 - INFO - ** Gerando .xlsx das remessas de CORONEL FABRICIANO
2026-06-09 13:05:27,225 - INFO - ** .xlsx das remessas de CORONEL FABRICIANO gerado
2026-06-09 13:05:27,226 - INFO - * Finalizado processamento da regional CORONEL FABRICIANO
2026-06-09 13:05:27,226 - INFO - * Iniciando processamento da regional CURVELO
2026-06-09 13:05:27,226 - INFO - ** Obtendo TODAS remessas de CURVELO
2026-06-09 13:05:27,240 - INFO - **TODAS remessas de CURVELO obtidas
2026-06-09 13:05:27,240 - INFO - ** Obtendo remessas EM REVISAO de CURVELO
2026-06-09 13:05:27,241 - INFO - ** Remessas EM REVISAO de CURVELO obtidas
2026-06-09 13:05:27,241 - INFO - ** Obtendo remessas LIBERADO PARA PAGAMENTO de CURVELO
2026-06-09 13:05:27,242 - INFO - ** Remessas LIBERADO PARA PAGAMENTO de CURVELO obtidas
2026-06-09 13:05:27,242 - INFO - ** Obtendo remessas PAGAMENTO PROCESSADO comVL_PAGAR zerado de CURVELO
2026-06-09 13:05:27,243 - INFO - ** Remessas PAGAMENTO PROCESSADO com VL_PAGAR zerado de CURVELO obtidas
2026-06-09 13:05:27,243 - INFO - ** Gerando .xlsx das remessas de CURVELO
2026-06-09 13:05:27,964 - INFO - ** .xlsx das remessas de CURVELO gerado
2026-06-09 13:05:27,964 - INFO - * Finalizado processamento da regional CURVELO
2026-06-09 13:05:27,965 - INFO - * Iniciando processamento da regional DIAMANTINA
2026-06-09 13:05:27,965 - INFO - ** Obtendo TODAS remessas de DIAMANTINA
2026-06-09 13:05:27,978 - INFO - **TODAS remessas de DIAMANTINA obtidas
2026-06-09 13:05:27,978 - INFO - ** Obtendo remessas EM REVISAO de DIAMANTINA
2026-06-09 13:05:27,979 - INFO - ** Remessas EM REVISAO de DIAMANTINA obtidas
2026-06-09 13:05:27,979 - INFO - ** Obtendo remessas LIBERADO PARA PAGAMENTO de DIAMANTINA
2026-06-09 13:05:27,980 - INFO - ** Remessas LIBERADO PARA PAGAMENTO de DIAMANTINA obtidas
2026-06-09 13:05:27,980 - INFO - ** Obtendo remessas PAGAMENTO PROCESSADO comVL_PAGAR zerado de DIAMANTINA
2026-06-09 13:05:27,981 - INFO - ** Remessas PAGAMENTO PROCESSADO com VL_PAGAR zerado de DIAMANTINA obtidas
2026-06-09 13:05:27,981 - INFO - ** Gerando .xlsx das remessas de DIAMANTINA
2026-06-09 13:05:28,917 - INFO - ** .xlsx das remessas de DIAMANTINA gerado
2026-06-09 13:05:28,918 - INFO - * Finalizado processamento da regional DIAMANTINA
2026-06-09 13:05:28,918 - INFO - * Iniciando processamento da regional DIVINÓPOLIS
2026-06-09 13:05:28,918 - INFO - ** Obtendo TODAS remessas de DIVINÓPOLIS
2026-06-09 13:05:28,929 - INFO - **TODAS remessas de DIVINÓPOLIS obtidas
2026-06-09 13:05:28,929 - INFO - ** Obtendo remessas EM REVISAO de DIVINÓPOLIS
2026-06-09 13:05:28,930 - INFO - ** Remessas EM REVISAO de DIVINÓPOLIS obtidas
2026-06-09 13:05:28,930 - INFO - ** Obtendo remessas LIBERADO PARA PAGAMENTO de DIVINÓPOLIS
2026-06-09 13:05:28,931 - INFO - ** Remessas LIBERADO PARA PAGAMENTO de DIVINÓPOLIS obtidas
2026-06-09 13:05:28,931 - INFO - ** Obtendo remessas PAGAMENTO PROCESSADO comVL_PAGAR zerado de DIVINÓPOLIS
2026-06-09 13:05:28,932 - INFO - ** Remessas PAGAMENTO PROCESSADO com VL_PAGAR zerado de DIVINÓPOLIS obtidas
2026-06-09 13:05:28,932 - INFO - ** Gerando .xlsx das remessas de DIVINÓPOLIS
2026-06-09 13:05:30,104 - INFO - ** .xlsx das remessas de DIVINÓPOLIS gerado
2026-06-09 13:05:30,105 - INFO - * Finalizado processamento da regional DIVINÓPOLIS
2026-06-09 13:05:30,105 - INFO - * Iniciando processamento da regional GOVERNADOR VALADARES
2026-06-09 13:05:30,105 - INFO - ** Obtendo TODAS remessas de GOVERNADOR VALADARES
2026-06-09 13:05:30,118 - INFO - **TODAS remessas de GOVERNADOR VALADARES obtidas
2026-06-09 13:05:30,119 - INFO - ** Obtendo remessas EM REVISAO de GOVERNADOR VALADARES
2026-06-09 13:05:30,120 - INFO - ** Remessas EM REVISAO de GOVERNADOR VALADARES obtidas
2026-06-09 13:05:30,120 - INFO - ** Obtendo remessas LIBERADO PARA PAGAMENTO de GOVERNADOR VALADARES
2026-06-09 13:05:30,121 - INFO - ** Remessas LIBERADO PARA PAGAMENTO de GOVERNADOR VALADARES obtidas
2026-06-09 13:05:30,121 - INFO - ** Obtendo remessas PAGAMENTO PROCESSADO comVL_PAGAR zerado de GOVERNADOR VALADARES
2026-06-09 13:05:30,123 - INFO - ** Remessas PAGAMENTO PROCESSADO com VL_PAGAR zerado de GOVERNADOR VALADARES obtidas
2026-06-09 13:05:30,123 - INFO - ** Gerando .xlsx das remessas de GOVERNADOR VALADARES
2026-06-09 13:05:31,798 - INFO - ** .xlsx das remessas de GOVERNADOR VALADARES gerado
2026-06-09 13:05:31,798 - INFO - * Finalizado processamento da regional GOVERNADOR VALADARES
2026-06-09 13:05:31,798 - INFO - * Iniciando processamento da regional ITABIRA
2026-06-09 13:05:31,799 - INFO - ** Obtendo TODAS remessas de ITABIRA
2026-06-09 13:05:31,811 - INFO - **TODAS remessas de ITABIRA obtidas
2026-06-09 13:05:31,811 - INFO - ** Obtendo remessas EM REVISAO de ITABIRA
2026-06-09 13:05:31,812 - INFO - ** Remessas EM REVISAO de ITABIRA obtidas
2026-06-09 13:05:31,812 - INFO - ** Obtendo remessas LIBERADO PARA PAGAMENTO de ITABIRA
2026-06-09 13:05:31,813 - INFO - ** Remessas LIBERADO PARA PAGAMENTO de ITABIRA obtidas
2026-06-09 13:05:31,813 - INFO - ** Obtendo remessas PAGAMENTO PROCESSADO comVL_PAGAR zerado de ITABIRA
2026-06-09 13:05:31,814 - INFO - ** Remessas PAGAMENTO PROCESSADO com VL_PAGAR zerado de ITABIRA obtidas
2026-06-09 13:05:31,815 - INFO - ** Gerando .xlsx das remessas de ITABIRA
2026-06-09 13:05:32,897 - INFO - ** .xlsx das remessas de ITABIRA gerado
2026-06-09 13:05:32,897 - INFO - * Finalizado processamento da regional ITABIRA
2026-06-09 13:05:32,898 - INFO - * Iniciando processamento da regional ITAÚNA
2026-06-09 13:05:32,898 - INFO - ** Obtendo TODAS remessas de ITAÚNA
2026-06-09 13:05:32,909 - INFO - **TODAS remessas de ITAÚNA obtidas
2026-06-09 13:05:32,909 - INFO - ** Obtendo remessas EM REVISAO de ITAÚNA
2026-06-09 13:05:32,910 - INFO - ** Remessas EM REVISAO de ITAÚNA obtidas
2026-06-09 13:05:32,910 - INFO - ** Obtendo remessas LIBERADO PARA PAGAMENTO de ITAÚNA
2026-06-09 13:05:32,911 - INFO - ** Remessas LIBERADO PARA PAGAMENTO de ITAÚNA obtidas
2026-06-09 13:05:32,911 - INFO - ** Obtendo remessas PAGAMENTO PROCESSADO comVL_PAGAR zerado de ITAÚNA
2026-06-09 13:05:32,912 - INFO - ** Remessas PAGAMENTO PROCESSADO com VL_PAGAR zerado de ITAÚNA obtidas
2026-06-09 13:05:32,912 - INFO - ** Gerando .xlsx das remessas de ITAÚNA
2026-06-09 13:05:33,651 - INFO - ** .xlsx das remessas de ITAÚNA gerado
2026-06-09 13:05:33,651 - INFO - * Finalizado processamento da regional ITAÚNA
2026-06-09 13:05:33,651 - INFO - * Iniciando processamento da regional ITUIUTABA
2026-06-09 13:05:33,652 - INFO - ** Obtendo TODAS remessas de ITUIUTABA
2026-06-09 13:05:33,663 - INFO - **TODAS remessas de ITUIUTABA obtidas
2026-06-09 13:05:33,663 - INFO - ** Obtendo remessas EM REVISAO de ITUIUTABA
2026-06-09 13:05:33,664 - INFO - ** Remessas EM REVISAO de ITUIUTABA obtidas
2026-06-09 13:05:33,664 - INFO - ** Obtendo remessas LIBERADO PARA PAGAMENTO de ITUIUTABA
2026-06-09 13:05:33,664 - INFO - ** Remessas LIBERADO PARA PAGAMENTO de ITUIUTABA obtidas
2026-06-09 13:05:33,664 - INFO - ** Obtendo remessas PAGAMENTO PROCESSADO comVL_PAGAR zerado de ITUIUTABA
2026-06-09 13:05:33,665 - INFO - ** Remessas PAGAMENTO PROCESSADO com VL_PAGAR zerado de ITUIUTABA obtidas
2026-06-09 13:05:33,665 - INFO - ** Gerando .xlsx das remessas de ITUIUTABA
2026-06-09 13:05:33,985 - INFO - ** .xlsx das remessas de ITUIUTABA gerado
2026-06-09 13:05:33,985 - INFO - * Finalizado processamento da regional ITUIUTABA
2026-06-09 13:05:33,985 - INFO - * Iniciando processamento da regional JUIZ DE FORA
2026-06-09 13:05:33,985 - INFO - ** Obtendo TODAS remessas de JUIZ DE FORA
2026-06-09 13:05:33,999 - INFO - **TODAS remessas de JUIZ DE FORA obtidas
2026-06-09 13:05:33,999 - INFO - ** Obtendo remessas EM REVISAO de JUIZ DE FORA
2026-06-09 13:05:34,000 - INFO - ** Remessas EM REVISAO de JUIZ DE FORA obtidas
2026-06-09 13:05:34,001 - INFO - ** Obtendo remessas LIBERADO PARA PAGAMENTO de JUIZ DE FORA
2026-06-09 13:05:34,001 - INFO - ** Remessas LIBERADO PARA PAGAMENTO de JUIZ DE FORA obtidas
2026-06-09 13:05:34,002 - INFO - ** Obtendo remessas PAGAMENTO PROCESSADO comVL_PAGAR zerado de JUIZ DE FORA
2026-06-09 13:05:34,003 - INFO - ** Remessas PAGAMENTO PROCESSADO com VL_PAGAR zerado de JUIZ DE FORA obtidas
2026-06-09 13:05:34,004 - INFO - ** Gerando .xlsx das remessas de JUIZ DE FORA
2026-06-09 13:05:35,931 - INFO - ** .xlsx das remessas de JUIZ DE FORA gerado
2026-06-09 13:05:35,931 - INFO - * Finalizado processamento da regional JUIZ DE FORA
2026-06-09 13:05:35,932 - INFO - * Iniciando processamento da regional LAVRAS
2026-06-09 13:05:35,932 - INFO - ** Obtendo TODAS remessas de LAVRAS
2026-06-09 13:05:35,947 - INFO - **TODAS remessas de LAVRAS obtidas
2026-06-09 13:05:35,948 - INFO - ** Obtendo remessas EM REVISAO de LAVRAS
2026-06-09 13:05:35,948 - INFO - ** Remessas EM REVISAO de LAVRAS obtidas
2026-06-09 13:05:35,949 - INFO - ** Obtendo remessas LIBERADO PARA PAGAMENTO de LAVRAS
2026-06-09 13:05:35,950 - INFO - ** Remessas LIBERADO PARA PAGAMENTO de LAVRAS obtidas
2026-06-09 13:05:35,950 - INFO - ** Obtendo remessas PAGAMENTO PROCESSADO comVL_PAGAR zerado de LAVRAS
2026-06-09 13:05:35,951 - INFO - ** Remessas PAGAMENTO PROCESSADO com VL_PAGAR zerado de LAVRAS obtidas
2026-06-09 13:05:35,951 - INFO - ** Gerando .xlsx das remessas de LAVRAS
2026-06-09 13:05:37,061 - INFO - ** .xlsx das remessas de LAVRAS gerado
2026-06-09 13:05:37,061 - INFO - * Finalizado processamento da regional LAVRAS
2026-06-09 13:05:37,061 - INFO - * Iniciando processamento da regional MANHUAÇU
2026-06-09 13:05:37,062 - INFO - ** Obtendo TODAS remessas de MANHUAÇU
2026-06-09 13:05:37,073 - INFO - **TODAS remessas de MANHUAÇU obtidas
2026-06-09 13:05:37,073 - INFO - ** Obtendo remessas EM REVISAO de MANHUAÇU
2026-06-09 13:05:37,074 - INFO - ** Remessas EM REVISAO de MANHUAÇU obtidas
2026-06-09 13:05:37,074 - INFO - ** Obtendo remessas LIBERADO PARA PAGAMENTO de MANHUAÇU
2026-06-09 13:05:37,075 - INFO - ** Remessas LIBERADO PARA PAGAMENTO de MANHUAÇU obtidas
2026-06-09 13:05:37,075 - INFO - ** Obtendo remessas PAGAMENTO PROCESSADO comVL_PAGAR zerado de MANHUAÇU
2026-06-09 13:05:37,076 - INFO - ** Remessas PAGAMENTO PROCESSADO com VL_PAGAR zerado de MANHUAÇU obtidas
2026-06-09 13:05:37,076 - INFO - ** Gerando .xlsx das remessas de MANHUAÇU
2026-06-09 13:05:37,712 - INFO - ** .xlsx das remessas de MANHUAÇU gerado
2026-06-09 13:05:37,713 - INFO - * Finalizado processamento da regional MANHUAÇU
2026-06-09 13:05:37,713 - INFO - * Iniciando processamento da regional MONTES CLAROS
2026-06-09 13:05:37,713 - INFO - ** Obtendo TODAS remessas de MONTES CLAROS
2026-06-09 13:05:37,730 - INFO - **TODAS remessas de MONTES CLAROS obtidas
2026-06-09 13:05:37,730 - INFO - ** Obtendo remessas EM REVISAO de MONTES CLAROS
2026-06-09 13:05:37,732 - INFO - ** Remessas EM REVISAO de MONTES CLAROS obtidas
2026-06-09 13:05:37,732 - INFO - ** Obtendo remessas LIBERADO PARA PAGAMENTO de MONTES CLAROS
2026-06-09 13:05:37,733 - INFO - ** Remessas LIBERADO PARA PAGAMENTO de MONTES CLAROS obtidas
2026-06-09 13:05:37,733 - INFO - ** Obtendo remessas PAGAMENTO PROCESSADO comVL_PAGAR zerado de MONTES CLAROS
2026-06-09 13:05:37,736 - INFO - ** Remessas PAGAMENTO PROCESSADO com VL_PAGAR zerado de MONTES CLAROS obtidas
2026-06-09 13:05:37,736 - INFO - ** Gerando .xlsx das remessas de MONTES CLAROS
2026-06-09 13:05:41,712 - INFO - ** .xlsx das remessas de MONTES CLAROS gerado
2026-06-09 13:05:41,712 - INFO - * Finalizado processamento da regional MONTES CLAROS
2026-06-09 13:05:41,712 - INFO - * Iniciando processamento da regional MURIAÉ
2026-06-09 13:05:41,713 - INFO - ** Obtendo TODAS remessas de MURIAÉ
2026-06-09 13:05:41,731 - INFO - **TODAS remessas de MURIAÉ obtidas
2026-06-09 13:05:41,732 - INFO - ** Obtendo remessas EM REVISAO de MURIAÉ
2026-06-09 13:05:41,733 - INFO - ** Remessas EM REVISAO de MURIAÉ obtidas
2026-06-09 13:05:41,733 - INFO - ** Obtendo remessas LIBERADO PARA PAGAMENTO de MURIAÉ
2026-06-09 13:05:41,734 - INFO - ** Remessas LIBERADO PARA PAGAMENTO de MURIAÉ obtidas
2026-06-09 13:05:41,734 - INFO - ** Obtendo remessas PAGAMENTO PROCESSADO comVL_PAGAR zerado de MURIAÉ
2026-06-09 13:05:41,737 - INFO - ** Remessas PAGAMENTO PROCESSADO com VL_PAGAR zerado de MURIAÉ obtidas
2026-06-09 13:05:41,737 - INFO - ** Gerando .xlsx das remessas de MURIAÉ
2026-06-09 13:05:45,287 - INFO - ** .xlsx das remessas de MURIAÉ gerado
2026-06-09 13:05:45,287 - INFO - * Finalizado processamento da regional MURIAÉ
2026-06-09 13:05:45,288 - INFO - * Iniciando processamento da regional OLIVEIRA
2026-06-09 13:05:45,288 - INFO - ** Obtendo TODAS remessas de OLIVEIRA
2026-06-09 13:05:45,304 - INFO - **TODAS remessas de OLIVEIRA obtidas
2026-06-09 13:05:45,304 - INFO - ** Obtendo remessas EM REVISAO de OLIVEIRA
2026-06-09 13:05:45,305 - INFO - ** Remessas EM REVISAO de OLIVEIRA obtidas
2026-06-09 13:05:45,305 - INFO - ** Obtendo remessas LIBERADO PARA PAGAMENTO de OLIVEIRA
2026-06-09 13:05:45,306 - INFO - ** Remessas LIBERADO PARA PAGAMENTO de OLIVEIRA obtidas
2026-06-09 13:05:45,306 - INFO - ** Obtendo remessas PAGAMENTO PROCESSADO comVL_PAGAR zerado de OLIVEIRA
2026-06-09 13:05:45,308 - INFO - ** Remessas PAGAMENTO PROCESSADO com VL_PAGAR zerado de OLIVEIRA obtidas
2026-06-09 13:05:45,308 - INFO - ** Gerando .xlsx das remessas de OLIVEIRA
2026-06-09 13:05:47,260 - INFO - ** .xlsx das remessas de OLIVEIRA gerado
2026-06-09 13:05:47,261 - INFO - * Finalizado processamento da regional OLIVEIRA
2026-06-09 13:05:47,261 - INFO - * Iniciando processamento da regional PARACATU
2026-06-09 13:05:47,261 - INFO - ** Obtendo TODAS remessas de PARACATU
2026-06-09 13:05:47,272 - INFO - **TODAS remessas de PARACATU obtidas
2026-06-09 13:05:47,272 - INFO - ** Obtendo remessas EM REVISAO de PARACATU
2026-06-09 13:05:47,273 - INFO - ** Remessas EM REVISAO de PARACATU obtidas
2026-06-09 13:05:47,273 - INFO - ** Obtendo remessas LIBERADO PARA PAGAMENTO de PARACATU
2026-06-09 13:05:47,274 - INFO - ** Remessas LIBERADO PARA PAGAMENTO de PARACATU obtidas
2026-06-09 13:05:47,274 - INFO - ** Obtendo remessas PAGAMENTO PROCESSADO comVL_PAGAR zerado de PARACATU
2026-06-09 13:05:47,275 - INFO - ** Remessas PAGAMENTO PROCESSADO com VL_PAGAR zerado de PARACATU obtidas
2026-06-09 13:05:47,275 - INFO - ** Gerando .xlsx das remessas de PARACATU
2026-06-09 13:05:47,739 - INFO - ** .xlsx das remessas de PARACATU gerado
2026-06-09 13:05:47,739 - INFO - * Finalizado processamento da regional PARACATU
2026-06-09 13:05:47,740 - INFO - * Iniciando processamento da regional PASSOS
2026-06-09 13:05:47,740 - INFO - ** Obtendo TODAS remessas de PASSOS
2026-06-09 13:05:47,753 - INFO - **TODAS remessas de PASSOS obtidas
2026-06-09 13:05:47,753 - INFO - ** Obtendo remessas EM REVISAO de PASSOS
2026-06-09 13:05:47,754 - INFO - ** Remessas EM REVISAO de PASSOS obtidas
2026-06-09 13:05:47,755 - INFO - ** Obtendo remessas LIBERADO PARA PAGAMENTO de PASSOS
2026-06-09 13:05:47,755 - INFO - ** Remessas LIBERADO PARA PAGAMENTO de PASSOS obtidas
2026-06-09 13:05:47,756 - INFO - ** Obtendo remessas PAGAMENTO PROCESSADO comVL_PAGAR zerado de PASSOS
2026-06-09 13:05:47,757 - INFO - ** Remessas PAGAMENTO PROCESSADO com VL_PAGAR zerado de PASSOS obtidas
2026-06-09 13:05:47,757 - INFO - ** Gerando .xlsx das remessas de PASSOS
2026-06-09 13:05:49,862 - INFO - ** .xlsx das remessas de PASSOS gerado
2026-06-09 13:05:49,862 - INFO - * Finalizado processamento da regional PASSOS
2026-06-09 13:05:49,862 - INFO - * Iniciando processamento da regional PATOS DE MINAS
2026-06-09 13:05:49,862 - INFO - ** Obtendo TODAS remessas de PATOS DE MINAS
2026-06-09 13:05:49,878 - INFO - **TODAS remessas de PATOS DE MINAS obtidas
2026-06-09 13:05:49,878 - INFO - ** Obtendo remessas EM REVISAO de PATOS DE MINAS
2026-06-09 13:05:49,879 - INFO - ** Remessas EM REVISAO de PATOS DE MINAS obtidas
2026-06-09 13:05:49,879 - INFO - ** Obtendo remessas LIBERADO PARA PAGAMENTO de PATOS DE MINAS
2026-06-09 13:05:49,880 - INFO - ** Remessas LIBERADO PARA PAGAMENTO de PATOS DE MINAS obtidas
2026-06-09 13:05:49,880 - INFO - ** Obtendo remessas PAGAMENTO PROCESSADO comVL_PAGAR zerado de PATOS DE MINAS
2026-06-09 13:05:49,881 - INFO - ** Remessas PAGAMENTO PROCESSADO com VL_PAGAR zerado de PATOS DE MINAS obtidas
2026-06-09 13:05:49,881 - INFO - ** Gerando .xlsx das remessas de PATOS DE MINAS
2026-06-09 13:05:50,654 - INFO - ** .xlsx das remessas de PATOS DE MINAS gerado
2026-06-09 13:05:50,654 - INFO - * Finalizado processamento da regional PATOS DE MINAS
2026-06-09 13:05:50,654 - INFO - * Iniciando processamento da regional PEDRO LEOPOLDO
2026-06-09 13:05:50,655 - INFO - ** Obtendo TODAS remessas de PEDRO LEOPOLDO
2026-06-09 13:05:50,666 - INFO - **TODAS remessas de PEDRO LEOPOLDO obtidas
2026-06-09 13:05:50,666 - INFO - ** Obtendo remessas EM REVISAO de PEDRO LEOPOLDO
2026-06-09 13:05:50,667 - INFO - ** Remessas EM REVISAO de PEDRO LEOPOLDO obtidas
2026-06-09 13:05:50,667 - INFO - ** Obtendo remessas LIBERADO PARA PAGAMENTO de PEDRO LEOPOLDO
2026-06-09 13:05:50,667 - INFO - ** Remessas LIBERADO PARA PAGAMENTO de PEDRO LEOPOLDO obtidas
2026-06-09 13:05:50,668 - INFO - ** Obtendo remessas PAGAMENTO PROCESSADO comVL_PAGAR zerado de PEDRO LEOPOLDO
2026-06-09 13:05:50,669 - INFO - ** Remessas PAGAMENTO PROCESSADO com VL_PAGAR zerado de PEDRO LEOPOLDO obtidas
2026-06-09 13:05:50,669 - INFO - ** Gerando .xlsx das remessas de PEDRO LEOPOLDO
2026-06-09 13:05:51,166 - INFO - ** .xlsx das remessas de PEDRO LEOPOLDO gerado
2026-06-09 13:05:51,167 - INFO - * Finalizado processamento da regional PEDRO LEOPOLDO
2026-06-09 13:05:51,167 - INFO - * Iniciando processamento da regional POÇOS DE CALDAS
2026-06-09 13:05:51,167 - INFO - ** Obtendo TODAS remessas de POÇOS DE CALDAS
2026-06-09 13:05:51,177 - INFO - **TODAS remessas de POÇOS DE CALDAS obtidas
2026-06-09 13:05:51,178 - INFO - ** Obtendo remessas EM REVISAO de POÇOS DE CALDAS
2026-06-09 13:05:51,179 - INFO - ** Remessas EM REVISAO de POÇOS DE CALDAS obtidas
2026-06-09 13:05:51,179 - INFO - ** Obtendo remessas LIBERADO PARA PAGAMENTO de POÇOS DE CALDAS
2026-06-09 13:05:51,179 - INFO - ** Remessas LIBERADO PARA PAGAMENTO de POÇOS DE CALDAS obtidas
2026-06-09 13:05:51,180 - INFO - ** Obtendo remessas PAGAMENTO PROCESSADO comVL_PAGAR zerado de POÇOS DE CALDAS
2026-06-09 13:05:51,180 - INFO - ** Remessas PAGAMENTO PROCESSADO com VL_PAGAR zerado de POÇOS DE CALDAS obtidas
2026-06-09 13:05:51,181 - INFO - ** Gerando .xlsx das remessas de POÇOS DE CALDAS
2026-06-09 13:05:51,718 - INFO - ** .xlsx das remessas de POÇOS DE CALDAS gerado
2026-06-09 13:05:51,718 - INFO - * Finalizado processamento da regional POÇOS DE CALDAS
2026-06-09 13:05:51,719 - INFO - * Iniciando processamento da regional PONTE NOVA
2026-06-09 13:05:51,719 - INFO - ** Obtendo TODAS remessas de PONTE NOVA
2026-06-09 13:05:51,732 - INFO - **TODAS remessas de PONTE NOVA obtidas
2026-06-09 13:05:51,732 - INFO - ** Obtendo remessas EM REVISAO de PONTE NOVA
2026-06-09 13:05:51,733 - INFO - ** Remessas EM REVISAO de PONTE NOVA obtidas
2026-06-09 13:05:51,733 - INFO - ** Obtendo remessas LIBERADO PARA PAGAMENTO de PONTE NOVA
2026-06-09 13:05:51,734 - INFO - ** Remessas LIBERADO PARA PAGAMENTO de PONTE NOVA obtidas
2026-06-09 13:05:51,734 - INFO - ** Obtendo remessas PAGAMENTO PROCESSADO comVL_PAGAR zerado de PONTE NOVA
2026-06-09 13:05:51,736 - INFO - ** Remessas PAGAMENTO PROCESSADO com VL_PAGAR zerado de PONTE NOVA obtidas
2026-06-09 13:05:51,736 - INFO - ** Gerando .xlsx das remessas de PONTE NOVA
2026-06-09 13:05:53,214 - INFO - ** .xlsx das remessas de PONTE NOVA gerado
2026-06-09 13:05:53,214 - INFO - * Finalizado processamento da regional PONTE NOVA
2026-06-09 13:05:53,214 - INFO - * Iniciando processamento da regional POUSO ALEGRE
2026-06-09 13:05:53,214 - INFO - ** Obtendo TODAS remessas de POUSO ALEGRE
2026-06-09 13:05:53,228 - INFO - **TODAS remessas de POUSO ALEGRE obtidas
2026-06-09 13:05:53,228 - INFO - ** Obtendo remessas EM REVISAO de POUSO ALEGRE
2026-06-09 13:05:53,229 - INFO - ** Remessas EM REVISAO de POUSO ALEGRE obtidas
2026-06-09 13:05:53,229 - INFO - ** Obtendo remessas LIBERADO PARA PAGAMENTO de POUSO ALEGRE
2026-06-09 13:05:53,230 - INFO - ** Remessas LIBERADO PARA PAGAMENTO de POUSO ALEGRE obtidas
2026-06-09 13:05:53,230 - INFO - ** Obtendo remessas PAGAMENTO PROCESSADO comVL_PAGAR zerado de POUSO ALEGRE
2026-06-09 13:05:53,232 - INFO - ** Remessas PAGAMENTO PROCESSADO com VL_PAGAR zerado de POUSO ALEGRE obtidas
2026-06-09 13:05:53,232 - INFO - ** Gerando .xlsx das remessas de POUSO ALEGRE
2026-06-09 13:05:54,889 - INFO - ** .xlsx das remessas de POUSO ALEGRE gerado
2026-06-09 13:05:54,889 - INFO - * Finalizado processamento da regional POUSO ALEGRE
2026-06-09 13:05:54,889 - INFO - * Iniciando processamento da regional SALINAS
2026-06-09 13:05:54,889 - INFO - ** Obtendo TODAS remessas de SALINAS
2026-06-09 13:05:54,902 - INFO - **TODAS remessas de SALINAS obtidas
2026-06-09 13:05:54,902 - INFO - ** Obtendo remessas EM REVISAO de SALINAS
2026-06-09 13:05:54,903 - INFO - ** Remessas EM REVISAO de SALINAS obtidas
2026-06-09 13:05:54,903 - INFO - ** Obtendo remessas LIBERADO PARA PAGAMENTO de SALINAS
2026-06-09 13:05:54,903 - INFO - ** Remessas LIBERADO PARA PAGAMENTO de SALINAS obtidas
2026-06-09 13:05:54,904 - INFO - ** Obtendo remessas PAGAMENTO PROCESSADO comVL_PAGAR zerado de SALINAS
2026-06-09 13:05:54,904 - INFO - ** Remessas PAGAMENTO PROCESSADO com VL_PAGAR zerado de SALINAS obtidas
2026-06-09 13:05:54,905 - INFO - ** Gerando .xlsx das remessas de SALINAS
2026-06-09 13:05:55,748 - INFO - ** .xlsx das remessas de SALINAS gerado
2026-06-09 13:05:55,749 - INFO - * Finalizado processamento da regional SALINAS
2026-06-09 13:05:55,749 - INFO - * Iniciando processamento da regional SAO JOAO DEL REI
2026-06-09 13:05:55,749 - INFO - ** Obtendo TODAS remessas de SAO JOAO DEL REI
2026-06-09 13:05:55,762 - INFO - **TODAS remessas de SAO JOAO DEL REI obtidas
2026-06-09 13:05:55,762 - INFO - ** Obtendo remessas EM REVISAO de SAO JOAO DEL REI
2026-06-09 13:05:55,763 - INFO - ** Remessas EM REVISAO de SAO JOAO DEL REI obtidas
2026-06-09 13:05:55,763 - INFO - ** Obtendo remessas LIBERADO PARA PAGAMENTO de SAO JOAO DEL REI
2026-06-09 13:05:55,764 - INFO - ** Remessas LIBERADO PARA PAGAMENTO de SAO JOAO DEL REI obtidas
2026-06-09 13:05:55,764 - INFO - ** Obtendo remessas PAGAMENTO PROCESSADO comVL_PAGAR zerado de SAO JOAO DEL REI
2026-06-09 13:05:55,765 - INFO - ** Remessas PAGAMENTO PROCESSADO com VL_PAGAR zerado de SAO JOAO DEL REI obtidas
2026-06-09 13:05:55,765 - INFO - ** Gerando .xlsx das remessas de SAO JOAO DEL REI
2026-06-09 13:05:56,439 - INFO - ** .xlsx das remessas de SAO JOAO DEL REI gerado
2026-06-09 13:05:56,440 - INFO - * Finalizado processamento da regional SAO JOAO DEL REI
2026-06-09 13:05:56,440 - INFO - * Iniciando processamento da regional SETE LAGOAS
2026-06-09 13:05:56,440 - INFO - ** Obtendo TODAS remessas de SETE LAGOAS
2026-06-09 13:05:56,453 - INFO - **TODAS remessas de SETE LAGOAS obtidas
2026-06-09 13:05:56,453 - INFO - ** Obtendo remessas EM REVISAO de SETE LAGOAS
2026-06-09 13:05:56,454 - INFO - ** Remessas EM REVISAO de SETE LAGOAS obtidas
2026-06-09 13:05:56,454 - INFO - ** Obtendo remessas LIBERADO PARA PAGAMENTO de SETE LAGOAS
2026-06-09 13:05:56,455 - INFO - ** Remessas LIBERADO PARA PAGAMENTO de SETE LAGOAS obtidas
2026-06-09 13:05:56,455 - INFO - ** Obtendo remessas PAGAMENTO PROCESSADO comVL_PAGAR zerado de SETE LAGOAS
2026-06-09 13:05:56,456 - INFO - ** Remessas PAGAMENTO PROCESSADO com VL_PAGAR zerado de SETE LAGOAS obtidas
2026-06-09 13:05:56,456 - INFO - ** Gerando .xlsx das remessas de SETE LAGOAS
2026-06-09 13:05:57,149 - INFO - ** .xlsx das remessas de SETE LAGOAS gerado
2026-06-09 13:05:57,150 - INFO - * Finalizado processamento da regional SETE LAGOAS
2026-06-09 13:05:57,150 - INFO - * Iniciando processamento da regional TEÓFILO OTONI
2026-06-09 13:05:57,150 - INFO - ** Obtendo TODAS remessas de TEÓFILO OTONI
2026-06-09 13:05:57,163 - INFO - **TODAS remessas de TEÓFILO OTONI obtidas
2026-06-09 13:05:57,163 - INFO - ** Obtendo remessas EM REVISAO de TEÓFILO OTONI
2026-06-09 13:05:57,164 - INFO - ** Remessas EM REVISAO de TEÓFILO OTONI obtidas
2026-06-09 13:05:57,164 - INFO - ** Obtendo remessas LIBERADO PARA PAGAMENTO de TEÓFILO OTONI
2026-06-09 13:05:57,165 - INFO - ** Remessas LIBERADO PARA PAGAMENTO de TEÓFILO OTONI obtidas
2026-06-09 13:05:57,165 - INFO - ** Obtendo remessas PAGAMENTO PROCESSADO comVL_PAGAR zerado de TEÓFILO OTONI
2026-06-09 13:05:57,166 - INFO - ** Remessas PAGAMENTO PROCESSADO com VL_PAGAR zerado de TEÓFILO OTONI obtidas
2026-06-09 13:05:57,166 - INFO - ** Gerando .xlsx das remessas de TEÓFILO OTONI
2026-06-09 13:05:58,168 - INFO - ** .xlsx das remessas de TEÓFILO OTONI gerado
2026-06-09 13:05:58,169 - INFO - * Finalizado processamento da regional TEÓFILO OTONI
2026-06-09 13:05:58,169 - INFO - * Iniciando processamento da regional UBÁ
2026-06-09 13:05:58,169 - INFO - ** Obtendo TODAS remessas de UBÁ
2026-06-09 13:05:58,180 - INFO - **TODAS remessas de UBÁ obtidas
2026-06-09 13:05:58,181 - INFO - ** Obtendo remessas EM REVISAO de UBÁ
2026-06-09 13:05:58,182 - INFO - ** Remessas EM REVISAO de UBÁ obtidas
2026-06-09 13:05:58,182 - INFO - ** Obtendo remessas LIBERADO PARA PAGAMENTO de UBÁ
2026-06-09 13:05:58,183 - INFO - ** Remessas LIBERADO PARA PAGAMENTO de UBÁ obtidas
2026-06-09 13:05:58,183 - INFO - ** Obtendo remessas PAGAMENTO PROCESSADO comVL_PAGAR zerado de UBÁ
2026-06-09 13:05:58,184 - INFO - ** Remessas PAGAMENTO PROCESSADO com VL_PAGAR zerado de UBÁ obtidas
2026-06-09 13:05:58,185 - INFO - ** Gerando .xlsx das remessas de UBÁ
2026-06-09 13:05:59,414 - INFO - ** .xlsx das remessas de UBÁ gerado
2026-06-09 13:05:59,414 - INFO - * Finalizado processamento da regional UBÁ
2026-06-09 13:05:59,414 - INFO - * Iniciando processamento da regional UBERABA
2026-06-09 13:05:59,414 - INFO - ** Obtendo TODAS remessas de UBERABA
2026-06-09 13:05:59,428 - INFO - **TODAS remessas de UBERABA obtidas
2026-06-09 13:05:59,428 - INFO - ** Obtendo remessas EM REVISAO de UBERABA
2026-06-09 13:05:59,429 - INFO - ** Remessas EM REVISAO de UBERABA obtidas
2026-06-09 13:05:59,429 - INFO - ** Obtendo remessas LIBERADO PARA PAGAMENTO de UBERABA
2026-06-09 13:05:59,430 - INFO - ** Remessas LIBERADO PARA PAGAMENTO de UBERABA obtidas
2026-06-09 13:05:59,430 - INFO - ** Obtendo remessas PAGAMENTO PROCESSADO comVL_PAGAR zerado de UBERABA
2026-06-09 13:05:59,431 - INFO - ** Remessas PAGAMENTO PROCESSADO com VL_PAGAR zerado de UBERABA obtidas
2026-06-09 13:05:59,432 - INFO - ** Gerando .xlsx das remessas de UBERABA
2026-06-09 13:06:01,450 - INFO - ** .xlsx das remessas de UBERABA gerado
2026-06-09 13:06:01,450 - INFO - * Finalizado processamento da regional UBERABA
2026-06-09 13:06:01,450 - INFO - * Iniciando processamento da regional UBERLANDIA
2026-06-09 13:06:01,450 - INFO - ** Obtendo TODAS remessas de UBERLANDIA
2026-06-09 13:06:01,469 - INFO - **TODAS remessas de UBERLANDIA obtidas
2026-06-09 13:06:01,469 - INFO - ** Obtendo remessas EM REVISAO de UBERLANDIA
2026-06-09 13:06:01,471 - INFO - ** Remessas EM REVISAO de UBERLANDIA obtidas
2026-06-09 13:06:01,471 - INFO - ** Obtendo remessas LIBERADO PARA PAGAMENTO de UBERLANDIA
2026-06-09 13:06:01,472 - INFO - ** Remessas LIBERADO PARA PAGAMENTO de UBERLANDIA obtidas
2026-06-09 13:06:01,473 - INFO - ** Obtendo remessas PAGAMENTO PROCESSADO comVL_PAGAR zerado de UBERLANDIA
2026-06-09 13:06:01,476 - INFO - ** Remessas PAGAMENTO PROCESSADO com VL_PAGAR zerado de UBERLANDIA obtidas
2026-06-09 13:06:01,476 - INFO - ** Gerando .xlsx das remessas de UBERLANDIA
2026-06-09 13:06:06,939 - INFO - ** .xlsx das remessas de UBERLANDIA gerado
2026-06-09 13:06:06,939 - INFO - * Finalizado processamento da regional UBERLANDIA
2026-06-09 13:06:06,940 - INFO - * Iniciando processamento da regional VARGINHA
2026-06-09 13:06:06,940 - INFO - ** Obtendo TODAS remessas de VARGINHA
2026-06-09 13:06:06,955 - INFO - **TODAS remessas de VARGINHA obtidas
2026-06-09 13:06:06,955 - INFO - ** Obtendo remessas EM REVISAO de VARGINHA
2026-06-09 13:06:06,956 - INFO - ** Remessas EM REVISAO de VARGINHA obtidas
2026-06-09 13:06:06,957 - INFO - ** Obtendo remessas LIBERADO PARA PAGAMENTO de VARGINHA
2026-06-09 13:06:06,957 - INFO - ** Remessas LIBERADO PARA PAGAMENTO de VARGINHA obtidas
2026-06-09 13:06:06,958 - INFO - ** Obtendo remessas PAGAMENTO PROCESSADO comVL_PAGAR zerado de VARGINHA
2026-06-09 13:06:06,959 - INFO - ** Remessas PAGAMENTO PROCESSADO com VL_PAGAR zerado de VARGINHA obtidas
2026-06-09 13:06:06,959 - INFO - ** Gerando .xlsx das remessas de VARGINHA
2026-06-09 13:06:08,809 - INFO - ** .xlsx das remessas de VARGINHA gerado
2026-06-09 13:06:08,809 - INFO - * Finalizado processamento da regional VARGINHA
2026-06-09 13:06:08,809 - INFO - Finalizado processamento de cada regional
