2026-06-09 14:59:28,422 - INFO - FFE_2022 carregado: 88142 linhas
2026-06-09 14:59:29,759 - INFO - FFE_2023 carregado: 95352 linhas
2026-06-09 14:59:30,954 - INFO - FFE_2024 carregado: 82814 linhas
2026-06-09 14:59:32,271 - INFO - FFE_2025 carregado: 91888 linhas
2026-06-09 14:59:32,897 - INFO - FFE_2026 carregado: 42220 linhas
2026-06-09 14:59:32,947 - INFO - FFEs concatenados: 400416 linhas no total
2026-06-09 14:59:34,593 - INFO - Filtro aplicado: 293283/400416 linhas retidas (PJ, 2022/01-2025/12)
2026-06-09 15:00:40,814 - INFO - FFEs completos salvos: ffes_completos-2026_06_09.xlsx (293283 linhas)
2026-06-09 15:00:40,849 - INFO - EM CADASTRAMENTO salvo: remessas_em_cadastramento-2026_06_09.xlsx (5 linhas)
2026-06-09 15:00:40,910 - INFO - PAG. PROCESSADO zerado salvo: remessas_pag_processado_zeradas-2026_06_09.xlsx (94 linhas)
2026-06-09 15:00:40,947 - INFO - Monitoramento: EM REVISAO=637 | LIBERADO PAG=143 | PAG PROC ZERADO=94
2026-06-09 15:00:41,022 - INFO - Monitoramento consolidado salvo: monitoramento-2026_06_09.xlsx (874 linhas)
2026-06-09 15:00:41,197 - INFO - Gerando arquivos por regional (38 regionais)
2026-06-09 15:00:41,227 - INFO - Regional ALFENAS: remessas-ALFENAS-2026_06_09.xlsx gerado
2026-06-09 15:00:41,262 - INFO - Regional ALMENARA: remessas-ALMENARA-2026_06_09.xlsx gerado
2026-06-09 15:00:41,294 - INFO - Regional ARAXA: remessas-ARAXA-2026_06_09.xlsx gerado
2026-06-09 15:00:41,321 - INFO - Regional BARBACENA: remessas-BARBACENA-2026_06_09.xlsx gerado
2026-06-09 15:00:41,362 - INFO - Regional BELO HORIZONTE: remessas-BELO HORIZONTE-2026_06_09.xlsx gerado
2026-06-09 15:00:41,389 - INFO - Regional BOM DESPACHO: remessas-BOM DESPACHO-2026_06_09.xlsx gerado
2026-06-09 15:00:41,418 - INFO - Regional BRASILIA DE  MINAS: remessas-BRASILIA DE  MINAS-2026_06_09.xlsx gerado
2026-06-09 15:00:41,451 - INFO - Regional CONSELHEIRO LAFAIETE: remessas-CONSELHEIRO LAFAIETE-2026_06_09.xlsx gerado
2026-06-09 15:00:41,489 - INFO - Regional CONTAGEM: remessas-CONTAGEM-2026_06_09.xlsx gerado
2026-06-09 15:00:41,527 - INFO - Regional CORONEL FABRICIANO: remessas-CORONEL FABRICIANO-2026_06_09.xlsx gerado
2026-06-09 15:00:41,559 - INFO - Regional CURVELO: remessas-CURVELO-2026_06_09.xlsx gerado
2026-06-09 15:00:41,594 - INFO - Regional DIAMANTINA: remessas-DIAMANTINA-2026_06_09.xlsx gerado
2026-06-09 15:00:41,631 - INFO - Regional DIVINÓPOLIS: remessas-DIVINÓPOLIS-2026_06_09.xlsx gerado
2026-06-09 15:00:41,665 - INFO - Regional GOVERNADOR VALADARES: remessas-GOVERNADOR VALADARES-2026_06_09.xlsx gerado
2026-06-09 15:00:41,706 - INFO - Regional ITABIRA: remessas-ITABIRA-2026_06_09.xlsx gerado
2026-06-09 15:00:41,748 - INFO - Regional ITAÚNA: remessas-ITAÚNA-2026_06_09.xlsx gerado
2026-06-09 15:00:41,790 - INFO - Regional ITUIUTABA: remessas-ITUIUTABA-2026_06_09.xlsx gerado
2026-06-09 15:00:41,823 - INFO - Regional JUIZ DE FORA: remessas-JUIZ DE FORA-2026_06_09.xlsx gerado
2026-06-09 15:00:41,858 - INFO - Regional LAVRAS: remessas-LAVRAS-2026_06_09.xlsx gerado
2026-06-09 15:00:41,891 - INFO - Regional MANHUAÇU: remessas-MANHUAÇU-2026_06_09.xlsx gerado
2026-06-09 15:00:41,927 - INFO - Regional MONTES CLAROS: remessas-MONTES CLAROS-2026_06_09.xlsx gerado
2026-06-09 15:00:41,966 - INFO - Regional MURIAÉ: remessas-MURIAÉ-2026_06_09.xlsx gerado
2026-06-09 15:00:42,001 - INFO - Regional OLIVEIRA: remessas-OLIVEIRA-2026_06_09.xlsx gerado
2026-06-09 15:00:42,040 - INFO - Regional PARACATU: remessas-PARACATU-2026_06_09.xlsx gerado
2026-06-09 15:00:42,087 - INFO - Regional PASSOS: remessas-PASSOS-2026_06_09.xlsx gerado
2026-06-09 15:00:42,134 - INFO - Regional PATOS DE MINAS: remessas-PATOS DE MINAS-2026_06_09.xlsx gerado
2026-06-09 15:00:42,179 - INFO - Regional PEDRO LEOPOLDO: remessas-PEDRO LEOPOLDO-2026_06_09.xlsx gerado
2026-06-09 15:00:42,220 - INFO - Regional POÇOS DE CALDAS: remessas-POÇOS DE CALDAS-2026_06_09.xlsx gerado
2026-06-09 15:00:42,267 - INFO - Regional PONTE NOVA: remessas-PONTE NOVA-2026_06_09.xlsx gerado
2026-06-09 15:00:42,322 - INFO - Regional POUSO ALEGRE: remessas-POUSO ALEGRE-2026_06_09.xlsx gerado
2026-06-09 15:00:42,361 - INFO - Regional SALINAS: remessas-SALINAS-2026_06_09.xlsx gerado
2026-06-09 15:00:42,397 - INFO - Regional SAO JOAO DEL REI: remessas-SAO JOAO DEL REI-2026_06_09.xlsx gerado
2026-06-09 15:00:42,429 - INFO - Regional SETE LAGOAS: remessas-SETE LAGOAS-2026_06_09.xlsx gerado
2026-06-09 15:00:42,465 - INFO - Regional TEÓFILO OTONI: remessas-TEÓFILO OTONI-2026_06_09.xlsx gerado
2026-06-09 15:00:42,503 - INFO - Regional UBÁ: remessas-UBÁ-2026_06_09.xlsx gerado
2026-06-09 15:00:42,538 - INFO - Regional UBERABA: remessas-UBERABA-2026_06_09.xlsx gerado
2026-06-09 15:00:42,595 - INFO - Regional UBERLANDIA: remessas-UBERLANDIA-2026_06_09.xlsx gerado
2026-06-09 15:00:42,628 - INFO - Regional VARGINHA: remessas-VARGINHA-2026_06_09.xlsx gerado
2026-06-09 15:00:42,628 - INFO - Processamento concluído
